<?xml version="1.0" encoding="UTF-8"?>
<!-- Generated by org.testng.reporters.JUnitReportReporter -->
<testsuite skipped="0" hostname="DESKTOP-6NI868R" name="dummy.restapi.post.CreateUpdateDeleteAPIs" tests="4" failures="3" timestamp="17 Mar 2020 16:13:54 GMT" time="4.726" errors="0">
  <testcase name="CreateNewEmployee" time="1.662" classname="dummy.restapi.post.CreateUpdateDeleteAPIs"/>
  <testcase name="ValidateNewlyCreatedEmployee" time="1.590" classname="dummy.restapi.post.CreateUpdateDeleteAPIs">
    <failure type="java.lang.AssertionError" message="1 expectation failed.
XML path status doesn&#039;t match.
Expected: success
  Actual: 
__ez.queue.addFile(&#039;edmonton.php&#039;, &#039;/detroitchicago/edmonton.webp?a=a&amp;cb=3&amp;shcb=32&#039;, true, [], true, false, false, false);
__ez.queue.addFile(&#039;jellyfish.php&#039;, &#039;/porpoiseant/jellyfish.webp?a=a&amp;cb=3&amp;shcb=32&#039;, false, [], true, false, false, false);
(function(){function b(a){for(var b=0;b&lt;document.styleSheets.length;b++)if(document.styleSheets[b].href==a)return!0;return!1}var a=function(a,b){for(var d=0;d&lt;b.length;d++){var c=b[d];if(0==c.complete||&quot;undefined&quot;!=typeof c.readyState&amp;&amp;4&gt;c.readyState){var g=c.getAttribute(&quot;src&quot;)||c.currentSrc;&quot;undefined&quot;!=typeof c.readyState&amp;&amp;0==c.readyState?c.addEventListener(&quot;loadstart&quot;,function(a){var b=a.getAttribute(&quot;src&quot;)||a.currentSrc;window.ezorqs(a,b)}):(g=c.getAttribute(&quot;src&quot;)||c.currentSrc,window.ezorqs(c,
	g));c.addEventListener(&quot;load&quot;,function(a){var b=a.currentTarget.getAttribute(&quot;src&quot;)||a.srcElement.currentSrc;window.ezorqe(a,b)});c.addEventListener(&quot;loadeddata&quot;,function(a){var b=a.currentTarget.getAttribute(&quot;src&quot;)||a.srcElement.currentSrc;window.ezorqe(a,b)});c.addEventListener(&quot;error&quot;,function(a){var b=a.currentTarget.getAttribute(&quot;src&quot;)||a.srcElement.currentSrc;window.ezorqe(a,b)})}}};a(&quot;img&quot;,document.querySelectorAll(&quot;img&quot;));a(&quot;video&quot;,document.querySelectorAll(&quot;video&quot;));a(&quot;audio&quot;,document.querySelectorAll(&quot;audio&quot;));
	(function(a){for(var c=0;c&lt;a.length;c++){var d=a[c];if((&quot;preload&quot;==d.getAttribute(&quot;rel&quot;)||&quot;stylesheet&quot;==d.getAttribute(&quot;rel&quot;))&amp;&amp;null!=d.getAttribute(&quot;href&quot;)&amp;&amp;b(d.getAttribute(&quot;href&quot;))){window.ezorqs(d,d.getAttribute(&quot;href&quot;));var e=document.createElement(&quot;img&quot;);e.onerror=function(a){&quot;undefined&quot;!=typeof a.path&amp;&amp;&quot;undefined&quot;!=typeof a.path[0].currentSrc?window.ezorqe(d,a.path[0].currentSrc):&quot;undefined&quot;!=typeof a.srcElement&amp;&amp;&quot;undefined&quot;!=typeof a.srcElement.href&amp;&amp;window.ezorqe(d,a.srcElement.href)};e.src=
	d.getAttribute(&quot;href&quot;)}}})(document.querySelectorAll(&quot;link&quot;));&quot;undefined&quot;!=typeof window.__ez.ssaf&amp;&amp;-1&lt;window.__ez.ssaf.indexOf(16)&amp;&amp;&quot;undefined&quot;!==typeof window.__ez.sshsdef&amp;&amp;!1===window.__ez.sshsdef&amp;&amp;Element.prototype.addEventListener&amp;&amp;(&quot;function&quot;==typeof window.onload&amp;&amp;(window.addEventListener(&quot;load&quot;,window.onload),window.onload=null),&quot;function&quot;==typeof document.onload&amp;&amp;(document.addEventListener.addEventListener(&quot;load&quot;,document.onload),document.onload=null))})();
	var ezCanEngagePage = false;
	(function() {
		var attachEvent = function(element, evt, func) {
			if (element.addEventListener) {
				element.addEventListener(evt, func, false);
			} else {
				element.attachEvent(&quot;on&quot; + evt, func);
			}
		};
		attachEvent(document.body, &quot;ezPageEngageable&quot;, function (e) {
			ezCanEngagePage = true;
		});
		attachEvent(document.body, &quot;ezCMPComplete&quot;, function (e) {
			if (typeof(_ezaq) !== &quot;undefined&quot;){
				__ez.bit.AddAndFire(_ezaq[&quot;page_view_id&quot;], [(new __ezDotData(&#039;pageview_updated_t_time&#039;, Date.now()))]);
			}
		});	
	})();var cmpCookies={};cmpCookies[&quot;-1&quot;]=[&quot;lp_133674=http://dummy.restapiexample.com/api/v1/employee/100; Path=/; Domain=restapiexample.com; Expires=Tue, 17 Mar 2020 18:13:52 UTC&quot;];
cmpCookies[&quot;3&quot;]=[&quot;ezoadgid_133674=-2; Path=/; Domain=restapiexample.com; Expires=Tue, 17 Mar 2020 16:43:52 UTC&quot;,&quot;ezoref_133674=; Path=/; Domain=restapiexample.com; Expires=Tue, 17 Mar 2020 18:13:52 UTC&quot;,&quot;ezoab_133674=mod28; Path=/; Domain=restapiexample.com; Expires=Tue, 17 Mar 2020 18:13:52 UTC&quot;,&quot;ezopvc_133674=1; Path=/; Domain=restapiexample.com; Expires=Tue, 17 Mar 2020 16:43:52 UTC&quot;];

    var ezCMP = (function () {
        var version = 4;
		var pageIsEngageable = false;
		var results = {&quot;domain&quot;:&quot;.restapiexample.com&quot;,&quot;contentData&quot;:{&quot;languages&quot;:{&quot;de&quot;:&quot;de&quot;,&quot;en&quot;:&quot;en&quot;,&quot;fr&quot;:&quot;fr&quot;},&quot;list&quot;:[{&quot;id&quot;:107,&quot;did&quot;:0,&quot;language&quot;:&quot;fr&quot;,&quot;dialogHeading&quot;:&quot;Ce site web utilise des cookies&quot;,&quot;dialogBody&quot;:&quot;Nous utilisons des cookies pour personnaliser le contenu et les publicités, pour fournir des fonctionnalités de médias sociaux et pour analyser notre trafic. Nous partageons également des informations sur votre utilisation de notre site avec nos partenaires de médias sociaux, de publicité et d&#039;analyse qui peuvent les combiner avec d&#039;autres informations que vous leur avez fournies ou qu&#039;ils ont collectées à partir de votre utilisation de leurs services. S&#039;il vous plaît lire plus sur notre page de politique de confidentialité.&quot;,&quot;declineButton&quot;:&quot;Utilisez les cookies nécessaires uniquement et continuez&quot;,&quot;acceptButton&quot;:&quot;Autoriser tous les cookies et continuer&quot;,&quot;okButton&quot;:&quot;D&#039;accord&quot;,&quot;cookieInfo&quot;:&quot;Les cookies sont de petits fichiers texte qui peuvent être utilisés par les sites Web pour rendre l&#039;expérience utilisateur plus efficace.\r\n\r\nLa loi stipule que nous pouvons stocker des cookies sur votre appareil s&#039;ils sont strictement nécessaires au fonctionnement de ce site. Pour tous les autres types de cookies, nous avons besoin de votre permission.\r\n\r\nCe site utilise différents types de cookies. Certains cookies sont placés par des services tiers qui apparaissent sur nos pages.&quot;,&quot;necessaryCategory&quot;:&quot;Nécessaire&quot;,&quot;necessaryDescription&quot;:&quot;Les cookies nécessaires permettent de rendre un site Web utilisable en activant des fonctions de base telles que la navigation dans les pages et l&#039;accès à des zones sécurisées du site Web. Le site Web ne peut pas fonctionner correctement sans ces cookies.&quot;,&quot;preferenceCategory&quot;:&quot;Préférences&quot;,&quot;preferenceDescription&quot;:&quot;Les cookies de préférence permettent à un site Web de mémoriser des informations qui modifient le comportement ou l&#039;aspect du site Web, comme votre langue préférée ou la région dans laquelle vous vous trouvez.&quot;,&quot;statisticsCategory&quot;:&quot;Statistiques&quot;,&quot;statisticsDescription&quot;:&quot;Les cookies statistiques aident les propriétaires de sites Web à comprendre comment les visiteurs interagissent avec les sites Web en collectant et en signalant les informations de manière anonyme.&quot;,&quot;marketingCategory&quot;:&quot;Commercialisation&quot;,&quot;marketingDescription&quot;:&quot;Les cookies de marketing sont utilisés pour suivre les visiteurs sur les sites Web. L&#039;intention est d&#039;afficher des publicités pertinentes et engageantes pour l&#039;utilisateur individuel et donc plus utiles pour les éditeurs et les annonceurs tiers.&quot;,&quot;unclassifiedCategory&quot;:&quot;Non classé&quot;,&quot;unclassifiedDescription&quot;:&quot;Les cookies non classés sont des cookies que nous sommes en train de classer, ainsi que les fournisseurs de cookies individuels.&quot;,&quot;cookieDetailsLink&quot;:&quot;Détails du cookie&quot;,&quot;aboutCookiesLink&quot;:&quot;À propos des cookies&quot;,&quot;privacyPolicyLink&quot;:&quot;Politique de confidentialité&quot;,&quot;columnName&quot;:&quot;Prénom&quot;,&quot;columnPurpose&quot;:&quot;Objectif&quot;,&quot;columnPII&quot;:&quot;Peut contenir des informations personnelles&quot;,&quot;columnDuration&quot;:&quot;Durée&quot;},{&quot;id&quot;:108,&quot;did&quot;:0,&quot;language&quot;:&quot;de&quot;,&quot;dialogHeading&quot;:&quot;Diese Website verwendet Cookies&quot;,&quot;dialogBody&quot;:&quot;Diese Website verwendet Cookies, um Inhalte zu personalisieren, benutzerdefinierte Erfahrungen zu liefern, Anzeigen zu schalten, Funktionen für soziale Medien bereitzustellen und unseren Traffic zu analysieren. Wir teilen auch Informationen über Ihre Nutzung unserer Website mit unseren Social Media-, Werbe- und Analysepartnern, die diese möglicherweise mit anderen Informationen kombinieren, die Sie ihnen zur Verfügung gestellt haben oder die Sie bei der Nutzung ihrer Dienste gesammelt haben. Im Folgenden können Sie auswählen, welche Arten von Cookies Sie erlauben, Ihre persönlichen Daten zu speichern. Bitte lesen Sie mehr auf unserer Datenschutzrichtlinie.&quot;,&quot;declineButton&quot;:&quot;Notwendige Cookies erlauben und fortfahren&quot;,&quot;acceptButton&quot;:&quot;Weiter mit den empfohlenen Cookies&quot;,&quot;okButton&quot;:&quot;Speichern&quot;,&quot;cookieInfo&quot;:&quot;Cookies sind kleine Textdateien, die von Websites verwendet werden können, um die Nutzererfahrung effizienter zu gestalten.\n\nDas Gesetz besagt, dass wir Cookies, die persönliche Informationen auf Ihrem Gerät enthalten, speichern können, wenn sie für den Betrieb dieser Website unbedingt erforderlich sind. Für alle anderen Arten von Cookies, die persönliche Informationen enthalten, benötigen wir Ihre Erlaubnis.\n\nDiese Seite verwendet verschiedene Arten von Cookies. Einige Cookies werden von Drittanbietern auf unseren Seiten platziert. &quot;,&quot;necessaryCategory&quot;:&quot;Notwendig&quot;,&quot;necessaryDescription&quot;:&quot;Notwendige Cookies helfen dabei, eine Website nutzbar zu machen, indem grundlegende Funktionen wie Seitennavigation und Zugriff auf sichere Bereiche der Website aktiviert werden. Die Website kann ohne diese Cookies nicht ordnungsgemäß funktionieren.&quot;,&quot;preferenceCategory&quot;:&quot;Präferenzen&quot;,&quot;preferenceDescription&quot;:&quot;Präferenz-Cookies ermöglichen es einer Website, Informationen zu speichern, die das Verhalten oder das Aussehen der Website ändern, wie z.B. Ihre bevorzugte Sprache oder die Region, in der Sie sich befinden.&quot;,&quot;statisticsCategory&quot;:&quot;Statistiken&quot;,&quot;statisticsDescription&quot;:&quot;Statistische Cookies helfen Website-Betreibern zu verstehen, wie Besucher mit Websites interagieren, indem sie Informationen anonym sammeln und melden.&quot;,&quot;marketingCategory&quot;:&quot;Marketing&quot;,&quot;marketingDescription&quot;:&quot;Marketing-Cookies werden verwendet, um Besucher auf Websites zu verfolgen. Die Absicht besteht darin, relevante und ansprechende Anzeigen für den einzelnen Nutzer anzuzeigen und somit für Publisher und Werbetreibende von Drittanbietern nützlicher zu sein.&quot;,&quot;unclassifiedCategory&quot;:&quot;Nicht klassifiziert&quot;,&quot;unclassifiedDescription&quot;:&quot;Nicht klassifizierte Cookies sind Cookies, die wir gerade klassifizieren, sowie die Lieferanten einzelner Cookies.&quot;,&quot;cookieDetailsLink&quot;:&quot;Details von Cookies&quot;,&quot;aboutCookiesLink&quot;:&quot;Über Cookies&quot;,&quot;privacyPolicyLink&quot;:&quot;Datenschutzerklärung&quot;,&quot;columnName&quot;:&quot;Name&quot;,&quot;columnPurpose&quot;:&quot;Ziel&quot;,&quot;columnPII&quot;:&quot;Kann persönliche Informationen enthalten&quot;,&quot;columnDuration&quot;:&quot;Dauer&quot;},{&quot;id&quot;:1166,&quot;did&quot;:0,&quot;language&quot;:&quot;en&quot;,&quot;dialogHeading&quot;:&quot;This website uses cookies&quot;,&quot;dialogBody&quot;:&quot;This website use cookies to personalize content, provide custom experiences, target ads, to provide social media features and to analyse our traffic. We also share information about your use of our site with our social media, advertising and analytics partners who may combine it with other information that you&#039;ve provided to them or that they&#039;ve collected from your use of their services. Below you have the option of selecting which types of cookies you&#039;ll allow to store your personal information.  Please read more at our privacy policy page.&quot;,&quot;declineButton&quot;:&quot;Allow Necessary Cookies \u0026 Continue&quot;,&quot;acceptButton&quot;:&quot;Continue with Recommended Cookies&quot;,&quot;okButton&quot;:&quot;Save&quot;,&quot;cookieInfo&quot;:&quot;Cookies are small text files that can be used by websites to make a user&#039;s experience more efficient.\r\n\r\nThe law states that we can store cookies that contain personal information on your device if they are strictly necessary for the operation of this site. For all other types of cookies that contain personal information we need your permission.\r\n\r\nThis site uses different types of cookies. Some cookies are placed by third party services that appear on our pages.&quot;,&quot;necessaryCategory&quot;:&quot;Necessary&quot;,&quot;necessaryDescription&quot;:&quot;Necessary cookies help make a website usable by enabling basic functions like page navigation and access to secure areas of the website. The website cannot function properly without these cookies.                            &quot;,&quot;preferenceCategory&quot;:&quot;Preferences&quot;,&quot;preferenceDescription&quot;:&quot;Preference cookies enable a website to remember information that changes the way the website behaves or looks, like your preferred language or the region that you are in.&quot;,&quot;statisticsCategory&quot;:&quot;Statistics&quot;,&quot;statisticsDescription&quot;:&quot;Statistic cookies help website owners to understand how visitors interact with websites by collecting and reporting information anonymously.&quot;,&quot;marketingCategory&quot;:&quot;Marketing&quot;,&quot;marketingDescription&quot;:&quot;Marketing cookies are used to track visitors across websites. The intention is to display ads that are relevant and engaging for the individual user and thereby more valuable for publishers and third party advertisers.&quot;,&quot;unclassifiedCategory&quot;:&quot;Unclassified&quot;,&quot;unclassifiedDescription&quot;:&quot;Unclassified cookies are cookies that we are in the process of classifying, together with the providers of individual cookies.&quot;,&quot;cookieDetailsLink&quot;:&quot;Cookie Details&quot;,&quot;aboutCookiesLink&quot;:&quot;About Cookies&quot;,&quot;privacyPolicyLink&quot;:&quot;Privacy Policy&quot;,&quot;columnName&quot;:&quot;Name&quot;,&quot;columnPurpose&quot;:&quot;Purpose&quot;,&quot;columnPII&quot;:&quot;May Contain Personal Information&quot;,&quot;columnDuration&quot;:&quot;Duration&quot;}]},&quot;settings&quot;:{&quot;DomainSettingId&quot;:2712,&quot;DomainId&quot;:133674,&quot;defaultLanguage&quot;:&quot;en&quot;,&quot;IsDialogEnabled&quot;:true,&quot;IsOrigDialogEnabled&quot;:false,&quot;IsAMPDialogEnabled&quot;:true,&quot;AutoDetectLanguage&quot;:true,&quot;IsThirdParty&quot;:false,&quot;IsWorldWide&quot;:false,&quot;IsIabLspaSignatory&quot;:false,&quot;checkedConsentBoxes&quot;:&quot;preference,statistics&quot;},&quot;ezCMP&quot;:&quot;ezCMPCookieConsent&quot;,&quot;ckLength&quot;:365,&quot;cmpAllCookies&quot;:{&quot;-1&quot;:{&quot;294588-185-XS-18784-1167rhpmax&quot;:{&quot;Duration&quot;:0,&quot;IsPII&quot;:0},&quot;AMP_TOKEN&quot;:{&quot;Duration&quot;:0,&quot;IsPII&quot;:0},&quot;BIGipServerPool_VIPProxys&quot;:{&quot;Duration&quot;:0,&quot;IsPII&quot;:0},&quot;BIGipServerVM-IRONPORTS&quot;:{&quot;Duration&quot;:0,&quot;IsPII&quot;:0},&quot;BIGipServerpool-userproxy&quot;:{&quot;Duration&quot;:0,&quot;IsPII&quot;:0},&quot;BIGipServerproxy-dmz-websense-pool&quot;:{&quot;Duration&quot;:0,&quot;IsPII&quot;:0},&quot;CSP_1&quot;:{&quot;Duration&quot;:0,&quot;IsPII&quot;:0},&quot;DKITPROXYNAME&quot;:{&quot;Duration&quot;:0,&quot;IsPII&quot;:0},&quot;GoogleAdServingTest&quot;:{&quot;Duration&quot;:0,&quot;IsPII&quot;:0},&quot;NSC_qspyz.cdctgm.dpn&quot;:{&quot;Duration&quot;:0,&quot;IsPII&quot;:0},&quot;PREF&quot;:{&quot;Duration&quot;:0,&quot;IsPII&quot;:0},&quot;SLG_GWPT_Show_Hide_tmp&quot;:{&quot;Duration&quot;:0,&quot;IsPII&quot;:0},&quot;SLG_wptGlobTipTmp&quot;:{&quot;Duration&quot;:0,&quot;IsPII&quot;:0},&quot;SRVNAME&quot;:{&quot;Duration&quot;:0,&quot;IsPII&quot;:0},&quot;UMSemailId&quot;:{&quot;Duration&quot;:0,&quot;IsPII&quot;:0},&quot;__extfc&quot;:{&quot;Duration&quot;:0,&quot;IsPII&quot;:0},&quot;__guid&quot;:{&quot;Duration&quot;:0,&quot;IsPII&quot;:0},&quot;__lfcc&quot;:{&quot;Duration&quot;:0,&quot;IsPII&quot;:0},&quot;__test&quot;:{&quot;Duration&quot;:0,&quot;IsPII&quot;:0},&quot;__vgl&quot;:{&quot;Duration&quot;:0,&quot;IsPII&quot;:0},&quot;_p_added&quot;:{&quot;Duration&quot;:0,&quot;IsPII&quot;:0},&quot;_sm_au_c&quot;:{&quot;Duration&quot;:0,&quot;IsPII&quot;:0},&quot;_sm_au_d&quot;:{&quot;Duration&quot;:0,&quot;IsPII&quot;:0},&quot;aQ.plugin.registered&quot;:{&quot;Duration&quot;:0,&quot;IsPII&quot;:0},&quot;active_template&quot;:{&quot;Duration&quot;:0,&quot;IsPII&quot;:0},&quot;ad6_dip&quot;:{&quot;Duration&quot;:0,&quot;IsPII&quot;:0},&quot;ad6_pc&quot;:{&quot;Duration&quot;:0,&quot;IsPII&quot;:0},&quot;adkpp_c&quot;:{&quot;Duration&quot;:0,&quot;IsPII&quot;:0},&quot;adkpp_tm&quot;:{&quot;Duration&quot;:0,&quot;IsPII&quot;:0},&quot;ai_user&quot;:{&quot;Duration&quot;:0,&quot;IsPII&quot;:0},&quot;ajs_group_id&quot;:{&quot;Duration&quot;:0,&quot;IsPII&quot;:0},&quot;ajs_user_id&quot;:{&quot;Duration&quot;:0,&quot;IsPII&quot;:0},&quot;arp_scroll_position&quot;:{&quot;Duration&quot;:0,&quot;IsPII&quot;:0},&quot;bbbbbbbbbbbbbbb&quot;:{&quot;Duration&quot;:0,&quot;IsPII&quot;:0},&quot;bfp_sn_rt_b10ce94cf299b167b74a6944e0aec9d4&quot;:{&quot;Duration&quot;:0,&quot;IsPII&quot;:0},&quot;c2VwLW5vLXJlZGlyZWN0&quot;:{&quot;Duration&quot;:0,&quot;IsPII&quot;:0},&quot;cto_bundle&quot;:{&quot;Duration&quot;:0,&quot;IsPII&quot;:0},&quot;cto_pub_test_tld&quot;:{&quot;Duration&quot;:0,&quot;IsPII&quot;:0},&quot;cto_writeable&quot;:{&quot;Duration&quot;:0,&quot;IsPII&quot;:0},&quot;euconsent&quot;:{&quot;Duration&quot;:0,&quot;IsPII&quot;:0},&quot;ext_name&quot;:{&quot;Duration&quot;:0,&quot;IsPII&quot;:0},&quot;ezTOC_hidetoc&quot;:{&quot;Duration&quot;:0,&quot;IsPII&quot;:0},&quot;f5_cspm&quot;:{&quot;Duration&quot;:0,&quot;IsPII&quot;:0},&quot;googtrans&quot;:{&quot;Duration&quot;:0,&quot;IsPII&quot;:0},&quot;hibext_instdsigdipv2&quot;:{&quot;Duration&quot;:0,&quot;IsPII&quot;:0},&quot;humans_21909&quot;:{&quot;Duration&quot;:0,&quot;IsPII&quot;:0},&quot;imprivata_extension_installed&quot;:{&quot;Duration&quot;:0,&quot;IsPII&quot;:0},&quot;isCookieEnabled&quot;:{&quot;Duration&quot;:0,&quot;IsPII&quot;:0},&quot;isTestMode&quot;:{&quot;Duration&quot;:0,&quot;IsPII&quot;:0},&quot;issldd&quot;:{&quot;Duration&quot;:0,&quot;IsPII&quot;:0},&quot;lp_133674&quot;:{&quot;Duration&quot;:120,&quot;IsPII&quot;:0},&quot;mercury&quot;:{&quot;Duration&quot;:0,&quot;IsPII&quot;:0},&quot;monitor_count&quot;:{&quot;Duration&quot;:0,&quot;IsPII&quot;:0},&quot;notified-Prompt_User_ACCESS&quot;:{&quot;Duration&quot;:0,&quot;IsPII&quot;:0},&quot;pau&quot;:{&quot;Duration&quot;:0,&quot;IsPII&quot;:0},&quot;rhid_c&quot;:{&quot;Duration&quot;:0,&quot;IsPII&quot;:0},&quot;roundcube_cookies&quot;:{&quot;Duration&quot;:525600,&quot;IsPII&quot;:0},&quot;td_cookie&quot;:{&quot;Duration&quot;:0,&quot;IsPII&quot;:0},&quot;test&quot;:{&quot;Duration&quot;:0,&quot;IsPII&quot;:0},&quot;wb48617274&quot;:{&quot;Duration&quot;:0,&quot;IsPII&quot;:0},&quot;webmailsession&quot;:{&quot;Duration&quot;:0,&quot;IsPII&quot;:0},&quot;wordpress_8fea6d92f40bfdc8fd61ab167b677df4&quot;:{&quot;Duration&quot;:-525600,&quot;IsPII&quot;:0},&quot;wordpresspass_8fea6d92f40bfdc8fd61ab167b677df4&quot;:{&quot;Duration&quot;:-525600,&quot;IsPII&quot;:0},&quot;wordpressuser_8fea6d92f40bfdc8fd61ab167b677df4&quot;:{&quot;Duration&quot;:-525600,&quot;IsPII&quot;:0},&quot;xxxxxxxxxxxxxxxxxxxxxxxxxxxxxxxxxxxxxxxxxxxxxxxxxxxxxxxxxxxxxxxxxxxxxxxxxxxxxxxxxxxxxxxxxxxxxxxxxxxxxxxxxxxxxxxxxxxxxxxxxxxxxxxxxxxxxxxxxxxxxxxxxxxxxxxxxxxxxxxxxxxxxxxxxxxxxxxxxxxxxxxxxxxxxxxxxxxxxxxxxxxxxxxxxxxxxxxxxxxxxxxxxxxxxxxxxxxxxxxxxxxxxxxxxxxxxxxx&quot;:{&quot;Duration&quot;:0,&quot;IsPII&quot;:0},&quot;z7b85_pop_g&quot;:{&quot;Duration&quot;:0,&quot;IsPII&quot;:0},&quot;z7b85_pop_g_bm&quot;:{&quot;Duration&quot;:0,&quot;IsPII&quot;:0},&quot;z7b85_pop_s&quot;:{&quot;Duration&quot;:0,&quot;IsPII&quot;:0},&quot;z7b85_pop_s_bm&quot;:{&quot;Duration&quot;:0,&quot;IsPII&quot;:0}},&quot;1&quot;:{&quot;BCSI-AC-c58e11754bc58508&quot;:{&quot;Duration&quot;:0,&quot;IsPII&quot;:0},&quot;BCSI-ACP-c58e11754bc58508&quot;:{&quot;Duration&quot;:0,&quot;IsPII&quot;:0},&quot;BCSI-CS-fd8ae4317559ccdc&quot;:{&quot;Duration&quot;:0,&quot;IsPII&quot;:0},&quot;PHPSESSID&quot;:{&quot;Duration&quot;:0,&quot;IsPII&quot;:0},&quot;__utmt_e&quot;:{&quot;Duration&quot;:0,&quot;IsPII&quot;:0},&quot;__utmt_f&quot;:{&quot;Duration&quot;:0,&quot;IsPII&quot;:0},&quot;active_template::133674&quot;:{&quot;Duration&quot;:0,&quot;IsPII&quot;:0},&quot;cookieconsent_dismissed&quot;:{&quot;Duration&quot;:0,&quot;IsPII&quot;:0},&quot;ezCMPCookieConsent&quot;:{&quot;Duration&quot;:0,&quot;IsPII&quot;:0},&quot;ez_pub_site&quot;:{&quot;Duration&quot;:0,&quot;IsPII&quot;:0},&quot;ez_rdr&quot;:{&quot;Duration&quot;:0,&quot;IsPII&quot;:0},&quot;ez_rdr_count&quot;:{&quot;Duration&quot;:0,&quot;IsPII&quot;:0},&quot;ezovuuid_133674&quot;:{&quot;Duration&quot;:0,&quot;IsPII&quot;:0},&quot;ezovuuidtime_133674&quot;:{&quot;Duration&quot;:0,&quot;IsPII&quot;:0},&quot;wordpress_logged_in_8fea6d92f40bfdc8fd61ab167b677df4&quot;:{&quot;Duration&quot;:0,&quot;IsPII&quot;:0},&quot;wordpress_sec_8fea6d92f40bfdc8fd61ab167b677df4&quot;:{&quot;Duration&quot;:-525600,&quot;IsPII&quot;:0},&quot;wordpress_test_cookie&quot;:{&quot;Duration&quot;:0,&quot;IsPII&quot;:0},&quot;wp-postpass_8fea6d92f40bfdc8fd61ab167b677df4&quot;:{&quot;Duration&quot;:-525600,&quot;IsPII&quot;:0},&quot;wp-settings-3&quot;:{&quot;Duration&quot;:0,&quot;IsPII&quot;:0},&quot;wp-settings-time-3&quot;:{&quot;Duration&quot;:0,&quot;IsPII&quot;:0}},&quot;2&quot;:{&quot;GED_PLAYLIST_ACTIVITY&quot;:{&quot;Duration&quot;:0,&quot;IsPII&quot;:0},&quot;SL_GWPT_Show_Hide_tmp&quot;:{&quot;Duration&quot;:0,&quot;IsPII&quot;:0},&quot;SL_wptGlobTipTmp&quot;:{&quot;Duration&quot;:0,&quot;IsPII&quot;:0},&quot;ez_ad_position_version&quot;:{&quot;Duration&quot;:0,&quot;IsPII&quot;:0},&quot;ez_view_optimized_only&quot;:{&quot;Duration&quot;:0,&quot;IsPII&quot;:0},&quot;ez_view_optimized_only\n&quot;:{&quot;Duration&quot;:0,&quot;IsPII&quot;:0},&quot;ez_view_original_only&quot;:{&quot;Duration&quot;:0,&quot;IsPII&quot;:0},&quot;ezpicker&quot;:{&quot;Duration&quot;:0,&quot;IsPII&quot;:0},&quot;ezpicker_nocache&quot;:{&quot;Duration&quot;:0,&quot;IsPII&quot;:0},&quot;ezpicker_showall&quot;:{&quot;Duration&quot;:0,&quot;IsPII&quot;:0},&quot;sitespeed_preview&quot;:{&quot;Duration&quot;:0,&quot;IsPII&quot;:0},&quot;speed_no_process&quot;:{&quot;Duration&quot;:0,&quot;IsPII&quot;:0}},&quot;3&quot;:{&quot;AMP_ECID_EZOIC&quot;:{&quot;Duration&quot;:0,&quot;IsPII&quot;:0},&quot;__qca&quot;:{&quot;Duration&quot;:0,&quot;IsPII&quot;:0},&quot;__utma&quot;:{&quot;Duration&quot;:0,&quot;IsPII&quot;:0},&quot;__utmb&quot;:{&quot;Duration&quot;:0,&quot;IsPII&quot;:0},&quot;__utmc&quot;:{&quot;Duration&quot;:0,&quot;IsPII&quot;:0},&quot;__utmd&quot;:{&quot;Duration&quot;:0,&quot;IsPII&quot;:0},&quot;__utmv&quot;:{&quot;Duration&quot;:0,&quot;IsPII&quot;:0},&quot;__utmz&quot;:{&quot;Duration&quot;:0,&quot;IsPII&quot;:0},&quot;_ga&quot;:{&quot;Duration&quot;:0,&quot;IsPII&quot;:0},&quot;_gat&quot;:{&quot;Duration&quot;:0,&quot;IsPII&quot;:0},&quot;_gat_gtag_UA_113932176_16&quot;:{&quot;Duration&quot;:0,&quot;IsPII&quot;:0},&quot;_gid&quot;:{&quot;Duration&quot;:0,&quot;IsPII&quot;:0},&quot;_pk_id..5e9f&quot;:{&quot;Duration&quot;:0,&quot;IsPII&quot;:0},&quot;_pk_ref..5e9f&quot;:{&quot;Duration&quot;:0,&quot;IsPII&quot;:0},&quot;_pk_ses..5e9f&quot;:{&quot;Duration&quot;:0,&quot;IsPII&quot;:0},&quot;ezCMPCCS&quot;:{&quot;Duration&quot;:0,&quot;IsPII&quot;:0},&quot;ez_recommended_pages&quot;:{&quot;Duration&quot;:0,&quot;IsPII&quot;:0},&quot;ezds&quot;:{&quot;Duration&quot;:0,&quot;IsPII&quot;:0},&quot;ezepvv&quot;:{&quot;Duration&quot;:1440,&quot;IsPII&quot;:0},&quot;ezoab_133674&quot;:{&quot;Duration&quot;:0,&quot;IsPII&quot;:0},&quot;ezoadgid_133674&quot;:{&quot;Duration&quot;:0,&quot;IsPII&quot;:0},&quot;ezoawesome_133674&quot;:{&quot;Duration&quot;:0,&quot;IsPII&quot;:0},&quot;ezohw&quot;:{&quot;Duration&quot;:0,&quot;IsPII&quot;:0},&quot;ezopvc_133674&quot;:{&quot;Duration&quot;:0,&quot;IsPII&quot;:0},&quot;ezoref_133674&quot;:{&quot;Duration&quot;:0,&quot;IsPII&quot;:0},&quot;ezostid_133674&quot;:{&quot;Duration&quot;:0,&quot;IsPII&quot;:0},&quot;ezosuigeneris&quot;:{&quot;Duration&quot;:0,&quot;IsPII&quot;:1},&quot;ezosuigenerisc&quot;:{&quot;Duration&quot;:0,&quot;IsPII&quot;:1},&quot;ezouid_133674&quot;:{&quot;Duration&quot;:0,&quot;IsPII&quot;:1},&quot;ezouspva&quot;:{&quot;Duration&quot;:0,&quot;IsPII&quot;:0},&quot;ezouspvh&quot;:{&quot;Duration&quot;:0,&quot;IsPII&quot;:0},&quot;ezouspvv&quot;:{&quot;Duration&quot;:0,&quot;IsPII&quot;:0},&quot;ezovid_133674&quot;:{&quot;Duration&quot;:30,&quot;IsPII&quot;:0},&quot;ezutm_[0-9]+&quot;:{&quot;Duration&quot;:0,&quot;IsPII&quot;:0},&quot;ezux_et_133674&quot;:{&quot;Duration&quot;:0,&quot;IsPII&quot;:0},&quot;ezux_ifep_133674&quot;:{&quot;Duration&quot;:0,&quot;IsPII&quot;:0},&quot;ezux_lpl_133674&quot;:{&quot;Duration&quot;:0,&quot;IsPII&quot;:0},&quot;ezux_tos_133674&quot;:{&quot;Duration&quot;:0,&quot;IsPII&quot;:0}},&quot;4&quot;:{&quot;__gads&quot;:{&quot;Duration&quot;:0,&quot;IsPII&quot;:0},&quot;_sm_au&quot;:{&quot;Duration&quot;:0,&quot;IsPII&quot;:1},&quot;bafp&quot;:{&quot;Duration&quot;:0,&quot;IsPII&quot;:1},&quot;bfp_sn_rf_b10ce94cf299b167b74a6944e0aec9d4&quot;:{&quot;Duration&quot;:0,&quot;IsPII&quot;:1},&quot;cto_idcpy&quot;:{&quot;Duration&quot;:0,&quot;IsPII&quot;:1},&quot;cto_lwid&quot;:{&quot;Duration&quot;:0,&quot;IsPII&quot;:1},&quot;cto_optout&quot;:{&quot;Duration&quot;:0,&quot;IsPII&quot;:1},&quot;cto_sid&quot;:{&quot;Duration&quot;:0,&quot;IsPII&quot;:1},&quot;ezdg&quot;:{&quot;Duration&quot;:180,&quot;IsPII&quot;:0}}},&quot;cmpCookieTranslations&quot;:{&quot;de&quot;:{&quot;AMP_ECID_EZOIC&quot;:{&quot;PURPOSE&quot;:&quot;Wird vom Personalisierungs- und Analyseunternehmen Ezoic für Statistiken zu Accelerated Mobile Pages verwendet.&quot;},&quot;BCSI-AC-#&quot;:{&quot;PURPOSE&quot;:&quot;Wird in Netzwerken mit Proxy-Servern der Bluecoat-Technologie verwendet, um Benutzer zu identifizieren.&quot;},&quot;BCSI-ACP-#&quot;:{&quot;PURPOSE&quot;:&quot;Wird von Netzwerken mit Proxy-Servern mit Bluecoat-Technologie verwendet, um Benutzer zu identifizieren.&quot;},&quot;BCSI-CS-#&quot;:{&quot;PURPOSE&quot;:&quot;Wird in Netzwerken mit Proxy-Servern der Bluecoat-Technologie verwendet, um Benutzer zu identifizieren.&quot;},&quot;GED_PLAYLIST_ACTIVITY&quot;:{&quot;PURPOSE&quot;:&quot;Wird verwendet, um Aktivitäten im Zusammenhang mit eingebetteten Youtube-Videos zu verfolgen&quot;},&quot;PHPSESSID&quot;:{&quot;PURPOSE&quot;:&quot;Ein eindeutiger Kennung zum Beibehalten von Statui auf Seiten.&quot;},&quot;SL_GWPT_Show_Hide_tmp&quot;:{&quot;PURPOSE&quot;:&quot;&quot;},&quot;SL_wptGlobTipTmp&quot;:{&quot;PURPOSE&quot;:&quot;&quot;},&quot;__gads&quot;:{&quot;PURPOSE&quot;:&quot;Wird verwendet, um zu registrieren, welche Anzeigen dem Benutzer angezeigt wurden.&quot;},&quot;__qca&quot;:{&quot;PURPOSE&quot;:&quot;Sammelt anonyme Daten über die Besuche des Benutzers auf der Website, wie die Anzahl der Besuche, die durchschnittliche Zeit auf der Website und welche Seiten geladen wurden, um Berichte zur Optimierung des Website-Inhalts zu generieren.&quot;},&quot;__utma&quot;:{&quot;PURPOSE&quot;:&quot;Erfasst Daten zur Anzahl der Besuche eines Nutzers auf der Website sowie zu den Daten des ersten und des letzten Besuchs. Wird von Google Analytics verwendet.&quot;},&quot;__utmb&quot;:{&quot;PURPOSE&quot;:&quot;Registriert einen Zeitstraum mit dem genauen Zeitpunkt, zu dem der Benutzer auf die Website zugegriffen hat. Wird von Google Analytics zur Berechnung der Dauer eines Website-Besuchs verwendet.&quot;},&quot;__utmc&quot;:{&quot;PURPOSE&quot;:&quot;Registriert einen Zeitstraum mit dem genauen Zeitpunkt, zu dem der Benutzer die Website verlässt. Wird von Google Analytics zur Berechnung der Dauer eines Website-Besuchs verwendet.&quot;},&quot;__utmd&quot;:{&quot;PURPOSE&quot;:&quot;Wird von Google Analytics verwendet, um Ihre Aktivitäten auf einer Website zu verfolgen.&quot;},&quot;__utmt_e&quot;:{&quot;PURPOSE&quot;:&quot;Wird verwendet, um die Geschwindigkeit von Anforderungen an den Server zu drosseln.&quot;},&quot;__utmt_f&quot;:{&quot;PURPOSE&quot;:&quot;Wird verwendet, um die Geschwindigkeit von Anforderungen an den Server zu drosseln.&quot;},&quot;__utmv&quot;:{&quot;PURPOSE&quot;:&quot;Wird zum Speichern benutzerdefinierter Variablendaten auf Besucherebene in Google Analytics verwendet.&quot;},&quot;__utmz&quot;:{&quot;PURPOSE&quot;:&quot;Sammelt Daten darüber, woher der Nutzer kam, welche Suchmaschine verwendet wurde, welcher Link angeklickt wurde und welcher Suchbegriff verwendet wurde. Wird von Google Analytics verwendet.&quot;},&quot;_ga&quot;:{&quot;PURPOSE&quot;:&quot;Wird verwendet, um Nutzer nach Google Analytics zu unterscheiden&quot;},&quot;_gat&quot;:{&quot;PURPOSE&quot;:&quot;Wird verwendet, um Nutzer nach Google Analytics zu unterscheiden&quot;},&quot;_gat_gtag_UA_#&quot;:{&quot;PURPOSE&quot;:&quot;Wird von Google Analytics zum User Tracking verwendet.&quot;},&quot;_gid&quot;:{&quot;PURPOSE&quot;:&quot;Wird verwendet, um Nutzer nach Google Analytics zu unterscheiden&quot;},&quot;_pk_id..#&quot;:{&quot;PURPOSE&quot;:&quot;Wird von Matomo (Piwik) zum Analytics Tracking verwendet und speichert eine eindeutige Besucher-ID&quot;},&quot;_pk_ref..#&quot;:{&quot;PURPOSE&quot;:&quot;Wird von Matomo (Piwik) zum Analytics Tracking verwendet und speichert die verweisende Seite.&quot;},&quot;_pk_ses..#&quot;:{&quot;PURPOSE&quot;:&quot;Wird von Matomo (Piwik) zum Analytics Tracking verwendet.&quot;},&quot;_sm_au&quot;:{&quot;PURPOSE&quot;:&quot;Wird von Google Adwords verwendet, um Anzeigen auf Nutzer zu retargetieren.&quot;},&quot;active_template::#&quot;:{&quot;PURPOSE&quot;:&quot;Wird von der Analyse- und Personalisierungsfirma Ezoic verwendet, um zu speichern, welche Vorlage Sie auf dieser Website sehen.&quot;},&quot;bafp&quot;:{&quot;PURPOSE&quot;:&quot;Wird verwendet, um Ihre Browseraktivitäten über mehrere Websites hinweg zu verfolgen.&quot;},&quot;cookieconsent_dismissed&quot;:{&quot;PURPOSE&quot;:&quot;Wird verwendet, um den Abschluss eines Cookie-Zustimmungsdialogs zu verfolgen.&quot;},&quot;cto_idcpy&quot;:{&quot;PURPOSE&quot;:&quot;Wird vom Werbenetzwerk Criteo verwendet.&quot;},&quot;cto_lwid&quot;:{&quot;PURPOSE&quot;:&quot;ird vom Werbenetzwerk Criteo verwendet.&quot;},&quot;cto_optout&quot;:{&quot;PURPOSE&quot;:&quot;Wird vom Werbenetzwerk Criteo verwendet, um zu erfassen, ob Sie personalisierte Anzeigen deaktiviert haben.&quot;},&quot;cto_sid&quot;:{&quot;PURPOSE&quot;:&quot;Wird vom Werbenetzwerk criteo verwendet, um Ihre Aktivitäten während Ihrer Browsersitzung zu verfolgen.&quot;},&quot;ezCMPCCS&quot;:{&quot;PURPOSE&quot;:&quot;Wird von dem Analyse- und Personalisierungsunternehmen Ezoic verwendet, um zu tracken, wann ein Benutzer mit der Verwendung von Statistik-Cookies einverstanden ist.&quot;},&quot;ezCMPCookieConsent&quot;:{&quot;PURPOSE&quot;:&quot;Wird von der Analyse- und Personalisierungsfirma Ezoic verwendet, um zu verfolgen, wann ein Benutzer Cookies zustimmt.&quot;},&quot;ez_ad_position_version&quot;:{&quot;PURPOSE&quot;:&quot;Wird von der Analyse- und Personalisierungsfirma Ezoic verwendet, um festzustellen, ob sie fÃ¼r diesen Benutzer das Produkt Ad Tester verwendet, verwendet von der Ad Tester-Extension.&quot;},&quot;ez_pub_site&quot;:{&quot;PURPOSE&quot;:&quot;Wird von der Analyse- und Personalisierungsfirma Ezoic verwendet, um die Website nur mit den aktivierten Ezoic-Funktionen anzuzeigen. &quot;},&quot;ez_rdr&quot;:{&quot;PURPOSE&quot;:&quot;Wird von der Analyse- und Personalisierungsfirma Ezoic verwendet, um Weiterleitungen zu verfolgen.&quot;},&quot;ez_rdr_count&quot;:{&quot;PURPOSE&quot;:&quot;Wird vom Analytik- und Personalisierungsunternehmen Ezoic verwendet, um Weiterleitungen zu verfolgen&quot;},&quot;ez_recommended_pages&quot;:{&quot;PURPOSE&quot;:&quot;Wird von dem Analyse- und Personalisierungsunternehmen Ezoic verwendet, um Benutzer vom empfohlene Seiten Widget zu tracken.&quot;},&quot;ez_view_optimized_only&quot;:{&quot;PURPOSE&quot;:&quot;&quot;},&quot;ez_view_optimized_only\n&quot;:{&quot;PURPOSE&quot;:&quot;Wird von der Analyse- und Personalisierungsfirma Ezoic verwendet, um die Originalseite ohne die Features von Ezoic zu zeigen.&quot;},&quot;ez_view_original_only&quot;:{&quot;PURPOSE&quot;:&quot;Wird von der Analyse- und Personalisierungsfirma Ezoic verwendet, um die Originalseite ohne die Features von Ezoic zu zeigen.&quot;},&quot;ezdg&quot;:{&quot;PURPOSE&quot;:&quot;Wird von der Analyse- und Personalisierungsfirma Ezoic verwendet, um demographische Informationen wie Alter und Geschlecht zu speichern.&quot;},&quot;ezds&quot;:{&quot;PURPOSE&quot;:&quot;Wird vom Analyse- und Personalisierungsfirma Ezoic verwendet, um die Pixelgröße Ihres Bildschirms zu speichern, um Ihre Erfahrung zu personalisieren und sicherzustellen, dass Inhalte passen.&quot;},&quot;ezepvv&quot;:{&quot;PURPOSE&quot;:&quot;Wird von der Analyse- und Personalisierungsfirma Ezoic verwendet, um zu verfolgen, welche Seiten dieser Benutzer angesehen hat.&quot;},&quot;ezoab_#&quot;:{&quot;PURPOSE&quot;:&quot;Wird vom Analyse- und Personalisierungsfirma Ezoic verwendet, um verschiedene Features und Funktionen zu testen.&quot;},&quot;ezoadgid_#&quot;:{&quot;PURPOSE&quot;:&quot;Zeichnet eine ID auf, die Ihrer Alters- und Geschlechtskategorie entspricht. Zum Beispiel könnte ID 923 für Männer zwischen 20 und 30 Jahren alt sein.&quot;},&quot;ezoawesome_#&quot;:{&quot;PURPOSE&quot;:&quot;Wird von dem Analyse- und Personalisierungsfirma Ezoic gegen Betrug und zur Erkennung ungültiger Aktivitäten verwendet.&quot;},&quot;ezohw&quot;:{&quot;PURPOSE&quot;:&quot;Wird von dem Analyse- und Personalisierungsfirma Ezoic verwendet, um die Pixelgröße Ihres Browsers zu speichern, um Ihre Erfahrung zu personalisieren und sicherzustellen, dass Inhalte passen.&quot;},&quot;ezopvc_#&quot;:{&quot;PURPOSE&quot;:&quot;Wird von dem Analyse- und Personalisierungsfirma Ezoic verwendet, um die Anzahl der Seiten zu speichern, die Sie in dieser Sitzung auf dieser Website angesehen haben.&quot;},&quot;ezoref_#&quot;:{&quot;PURPOSE&quot;:&quot;Wird von dem Analyse- und PersonalisierungsfirmaEzoic verwendet, um die verweisende Domain (die Website, auf der Sie sich vor dieser Website befanden) zu speichern.&quot;},&quot;ezostid_#&quot;:{&quot;PURPOSE&quot;:&quot;Wird von dem Analyse- und Personalisierungsfirma Ezoic verwendet, um verschiedene Features und Funktionen zu testen und aufzuzeichnen, welche Features und Funktionen Ihnen zur Verfügung stehen, damit Sie eine gleich bleibende Benutzererfahrung erhalten.&quot;},&quot;ezosuigeneris&quot;:{&quot;PURPOSE&quot;:&quot;Wird von dem Analyse- und Personalisierungsfirma Ezoic verwendet, um Sie über verschiedene Websites im Internet eindeutig zu identifizieren, sodass Ihre Erfahrung angepasst werden kann.&quot;},&quot;ezosuigenerisc&quot;:{&quot;PURPOSE&quot;:&quot;Wird von der Analyse- und Personalisierungsfirma Ezoic verwendet, um Sie auf verschiedenen Websites im Internet eindeutig zu identifizieren, damit Ihre Erfahrung individuell angepasst werden kann.&quot;},&quot;ezouid_#&quot;:{&quot;PURPOSE&quot;:&quot;Wird von dem Analyse- und Personalisierungsfirma Ezoic verwendet, um Sie als Besucher auf dieser Website eindeutig zu identifizieren. Wird zur Analyse und Personalisierung Ihrer Erfahrung verwendet.&quot;},&quot;ezouspva&quot;:{&quot;PURPOSE&quot;:&quot;Wird von der Analyse- und Personalisierungsfirma Ezoic verwendet, um zu verfolgen, wie viele Seiten ein Benutzer die ganze Zeit Ã¼ber besucht hat.&quot;},&quot;ezouspvh&quot;:{&quot;PURPOSE&quot;:&quot;Wird von der Analyse- und Personalisierungsfirma Ezoic verwendet, um zu verfolgen, wie viele Seiten ein Benutzer seit seinem letzten Besuch besucht hat.&quot;},&quot;ezouspvv&quot;:{&quot;PURPOSE&quot;:&quot;Wird von der Analyse- und Personalisierungsfirma Ezoic verwendet, um zu verfolgen, wie viele Seiten ein Benutzer besucht hat.&quot;},&quot;ezovid_#&quot;:{&quot;PURPOSE&quot;:&quot;Wird von dem Analyse- und Personalisierungsfirma Ezoic verwendet, um Ihren Besuch auf dieser Website eindeutig zu identifizieren. Wird zur Analyse und Personalisierung Ihrer Erfahrung verwendet.&quot;},&quot;ezovuuid_#&quot;:{&quot;PURPOSE&quot;:&quot;Wird von dem Analyse- und Personalisierungsfirma Ezoic verwendet, um Ihren Besuch auf dieser Website eindeutig zu identifizieren. Wird zur Analyse und Personalisierung Ihrer Erfahrung verwendet.&quot;},&quot;ezovuuidtime_#&quot;:{&quot;PURPOSE&quot;:&quot;Wird von dem Analyse- und Personalisierungsfirma Ezoic verwendet, um die Zeit Ihres Besuchs auf dieser Website festzuhalten, so dass verschiedene Besuche voneinander unterschieden werden können.&quot;},&quot;ezpicker&quot;:{&quot;PURPOSE&quot;:&quot;Wird von der Analyse- und Personalisierungsfirma Ezoic verwendet, um ezpicker einzuschalten.&quot;},&quot;ezpicker_nocache&quot;:{&quot;PURPOSE&quot;:&quot;Wird von der Analyse- und Personalisierungsfirma Ezoic verwendet, um die ezpicker App anzuweisen, keinen Cache zu verwenden.&quot;},&quot;ezpicker_showall&quot;:{&quot;PURPOSE&quot;:&quot;Wird von der Analyse- und Personalisierungsfirma Ezoic verwendet, um der ezpicker App mitzuteilen, dass alle Platzhalter angezeigt werden sollen.&quot;},&quot;ezux_et_#&quot;:{&quot;PURPOSE&quot;:&quot;Wird von dem Analyse- und Personalisierungsfirma Ezoic verwendet, um die Zeit festzuhalten, die Sie mit Inhalten auf dieser Website verbracht haben. Wird für Analysezwecke verwendet, um die Benutzererfahrung zu verbessern.&quot;},&quot;ezux_lpl_#&quot;:{&quot;PURPOSE&quot;:&quot;Wird von der Analyse- und Personalisierungsfirma Ezoic verwendet, um die Zeit aufzuzeichnen, zu der Sie die letzte Seite auf dieser Website geladen haben.&quot;},&quot;ezux_tos_#&quot;:{&quot;PURPOSE&quot;:&quot;Wird von dem Analyse- und Personalisierungsfirma Ezoic verwendet, um die Zeit aufzuzeichnen, die Sie auf dieser Website verbracht haben.&quot;},&quot;ezuz_ifep_#&quot;:{&quot;PURPOSE&quot;:&quot;Wird von dem Analyse- und Personalisierungsfirma Ezoic verwendet, um festzuhalten, ob Sie sich mit dem Inhalt dieser Website beschäftigt haben. Wird für Analysezwecke verwendet, um die Benutzererfahrung zu verbessern.&quot;},&quot;sitespeed_preview&quot;:{&quot;PURPOSE&quot;:&quot;&quot;},&quot;speed_no_process&quot;:{&quot;PURPOSE&quot;:&quot;&quot;},&quot;wordpress_logged_in_#&quot;:{&quot;PURPOSE&quot;:&quot;Wird von Wordpress verwendet, um den Benutzer zu identifizieren.&quot;},&quot;wordpress_sec_#&quot;:{&quot;PURPOSE&quot;:&quot;Wird von Wordpress fÃ¼r Sicherheitszwecke verwendet.&quot;},&quot;wordpress_test_cookie&quot;:{&quot;PURPOSE&quot;:&quot;WordPress setzt diesen Cookie wenn Sie auf die Anmeldeseite gehen. Der Cookie wird verwendet um zu überprüfen, ob Ihr Webbrowser Cookies zulässt oder ablehnt.&quot;},&quot;wp-postpass_#&quot;:{&quot;PURPOSE&quot;:&quot;Wird von Wordpress fÃ¼r Sicherheits- und Anmeldezwecke verwendet.&quot;},&quot;wp-settings-#&quot;:{&quot;PURPOSE&quot;:&quot;Speichert die Einstellungen des Wordpress-Benutzers, der eingeloggt ist.&quot;},&quot;wp-settings-time-#&quot;:{&quot;PURPOSE&quot;:&quot;Speichert die ID des Wordpress-Benutzers, der angemeldet ist.&quot;}},&quot;en&quot;:{&quot;AMP_ECID_EZOIC&quot;:{&quot;PURPOSE&quot;:&quot;Used by personalization and analytics company Ezoic for statistics on Accelerated Mobile Pages&quot;},&quot;BCSI-AC-#&quot;:{&quot;PURPOSE&quot;:&quot;Used by networks with Bluecoat technology proxy servers to identify users.&quot;},&quot;BCSI-ACP-#&quot;:{&quot;PURPOSE&quot;:&quot;Used by networks with Bluecoat technology proxy servers to identify users.&quot;},&quot;BCSI-CS-#&quot;:{&quot;PURPOSE&quot;:&quot;Used by networks with Bluecoat technology proxy servers to identify users.&quot;},&quot;GED_PLAYLIST_ACTIVITY&quot;:{&quot;PURPOSE&quot;:&quot;Used to track activity related to embeded YoutTube videos&quot;},&quot;PHPSESSID&quot;:{&quot;PURPOSE&quot;:&quot;A unique identifier used to preserve states across pages.&quot;},&quot;SL_GWPT_Show_Hide_tmp&quot;:{&quot;PURPOSE&quot;:&quot;&quot;},&quot;SL_wptGlobTipTmp&quot;:{&quot;PURPOSE&quot;:&quot;&quot;},&quot;__gads&quot;:{&quot;PURPOSE&quot;:&quot;Used to register what ads have been displayed to the user.&quot;},&quot;__qca&quot;:{&quot;PURPOSE&quot;:&quot;Collects anonymous data on the user&#039;s visits to the website, such as the number of visits, average time spent on the website and what pages have been loaded with the purpose of generating reports for optimising the website content.&quot;},&quot;__utma&quot;:{&quot;PURPOSE&quot;:&quot;Collects data on the number of times a user has visited the website as well as dates for the first and most recent visit. Used by Google Analytics.&quot;},&quot;__utmb&quot;:{&quot;PURPOSE&quot;:&quot;Registers a timestamp with the exact time of when the user accessed the website. Used by Google Analytics to calculate the duration of a website visit.&quot;},&quot;__utmc&quot;:{&quot;PURPOSE&quot;:&quot;Registers a timestamp with the exact time of when the user leaves the website. Used by Google Analytics to calculate the duration of a website visit.&quot;},&quot;__utmd&quot;:{&quot;PURPOSE&quot;:&quot;Used by Google Analytics to track your activity on a website.&quot;},&quot;__utmt_e&quot;:{&quot;PURPOSE&quot;:&quot;Used to throttle the speed of requests to the server.&quot;},&quot;__utmt_f&quot;:{&quot;PURPOSE&quot;:&quot;Used to throttle the speed of requests to the server.&quot;},&quot;__utmv&quot;:{&quot;PURPOSE&quot;:&quot;Used to store visitor-level custom variable data in Google Analytics.&quot;},&quot;__utmz&quot;:{&quot;PURPOSE&quot;:&quot;Collects data on where the user came from, what search engine was used, what link was clicked and what search term was used. Used by Google Analytics.&quot;},&quot;_ga&quot;:{&quot;PURPOSE&quot;:&quot;Used to distinguish users by Google Analytics&quot;},&quot;_gat&quot;:{&quot;PURPOSE&quot;:&quot;Used to distinguish users by Google Analytics&quot;},&quot;_gat_gtag_UA_#&quot;:{&quot;PURPOSE&quot;:&quot;Used by Google Analytics for user tracking.&quot;},&quot;_gid&quot;:{&quot;PURPOSE&quot;:&quot;Used to distinguish users by Google Analytics&quot;},&quot;_pk_id..#&quot;:{&quot;PURPOSE&quot;:&quot;Used by Matomo (Piwik) for analytics tracking, storing a unique visitor ID.&quot;},&quot;_pk_ref..#&quot;:{&quot;PURPOSE&quot;:&quot;Used by Matomo (Piwik) for analytics tracking, storing the referring site.&quot;},&quot;_pk_ses..#&quot;:{&quot;PURPOSE&quot;:&quot;Used by Matomo (Piwik) for analytics tracking.&quot;},&quot;_sm_au&quot;:{&quot;PURPOSE&quot;:&quot;Used by Google Adwords to retarget ads to users.&quot;},&quot;active_template::#&quot;:{&quot;PURPOSE&quot;:&quot;Used by the analytics and personalization company, Ezoic, to store which template you are viewing on this website.&quot;},&quot;bafp&quot;:{&quot;PURPOSE&quot;:&quot;Used to track your browsing activity across multiple websites.&quot;},&quot;cookieconsent_dismissed&quot;:{&quot;PURPOSE&quot;:&quot;Used to track closure of a cookie consent dialog.&quot;},&quot;cto_idcpy&quot;:{&quot;PURPOSE&quot;:&quot;Used by the ad network, Criteo.&quot;},&quot;cto_lwid&quot;:{&quot;PURPOSE&quot;:&quot;Used by the ad network, Criteo.&quot;},&quot;cto_optout&quot;:{&quot;PURPOSE&quot;:&quot;Used by ad network Criteo to record if you&#039;ve opted of personalized ads.&quot;},&quot;cto_sid&quot;:{&quot;PURPOSE&quot;:&quot;Used by the ad network criteo to track your activity during your browser session.&quot;},&quot;ezCMPCCS&quot;:{&quot;PURPOSE&quot;:&quot;Used by the analytics and personalization company, Ezoic, to track when a user consents to statistics cookies.&quot;},&quot;ezCMPCookieConsent&quot;:{&quot;PURPOSE&quot;:&quot;Used by the analytics and personalization company, Ezoic, to track when a user consents to cookies.&quot;},&quot;ez_ad_position_version&quot;:{&quot;PURPOSE&quot;:&quot;Used by the analytics and personalization company, Ezoic, to determine if they use the Ad Tester product for this user, used by the Ad Tester extension.&quot;},&quot;ez_pub_site&quot;:{&quot;PURPOSE&quot;:&quot;Used by the analytics and personalization company, Ezoic, to only show the site with Ezoic&#039;s features enabled. &quot;},&quot;ez_rdr&quot;:{&quot;PURPOSE&quot;:&quot;Used by the analytics and personalization company, Ezoic, to track redirects.&quot;},&quot;ez_rdr_count&quot;:{&quot;PURPOSE&quot;:&quot;Used by the analytics and personalization company, Ezoic, to track redirects&quot;},&quot;ez_recommended_pages&quot;:{&quot;PURPOSE&quot;:&quot;Used by the analytics and personalization company, Ezoic, to track users visiting from the recommended pages widget.&quot;},&quot;ez_view_optimized_only&quot;:{&quot;PURPOSE&quot;:&quot;Used by the analytics and personalization company, Ezoic, to show the optimized site with Ezoic&#039;s features.&quot;},&quot;ez_view_optimized_only\n&quot;:{&quot;PURPOSE&quot;:&quot;Used by the analytics and personalization company, Ezoic, to show the original site without Ezoic&#039;s features.&quot;},&quot;ez_view_original_only&quot;:{&quot;PURPOSE&quot;:&quot;Used by the analytics and personalization company, Ezoic, to show the original site without Ezoic&#039;s features.&quot;},&quot;ezdg&quot;:{&quot;PURPOSE&quot;:&quot;Used by the analytics and personalization company, Ezoic, to store demographic information like age and gender.&quot;},&quot;ezds&quot;:{&quot;PURPOSE&quot;:&quot;Used by the analytics and personalization company, Ezoic, to store the pixel size of your screen to help personalize your experience and ensure content fits.&quot;},&quot;ezepvv&quot;:{&quot;PURPOSE&quot;:&quot;Used by the analytics and personalization company, Ezoic, to track which pages this user has viewed.&quot;},&quot;ezoab_#&quot;:{&quot;PURPOSE&quot;:&quot;Used by the analytics and personalization company, Ezoic, to split test different features and functionality.&quot;},&quot;ezoadgid_#&quot;:{&quot;PURPOSE&quot;:&quot;Records an id that to your age and gender category.  For example, id 923 might be for males between 20 and 30 years old.&quot;},&quot;ezoawesome_#&quot;:{&quot;PURPOSE&quot;:&quot; Used by the analytics and personalization company, Ezoic, for fraud and invalid activity detection.&quot;},&quot;ezohw&quot;:{&quot;PURPOSE&quot;:&quot;Used by the analytics and personalization company, Ezoic, to store the pixel size of your browser to help personalize your experience and ensure content fits.&quot;},&quot;ezopvc_#&quot;:{&quot;PURPOSE&quot;:&quot;Used by the analytics and personalization company, Ezoic, to store the number of pages that you have viewed on this site in this session.&quot;},&quot;ezoref_#&quot;:{&quot;PURPOSE&quot;:&quot;Used by the analytics and personalization company, Ezoic, to store the referring domain (the website you were at before you can to this website).&quot;},&quot;ezostid_#&quot;:{&quot;PURPOSE&quot;:&quot;Used by the analytics and personalization company, Ezoic, to test different features and functionality and to record which features and functionality are available to you so you receive a consistent experience.&quot;},&quot;ezosuigeneris&quot;:{&quot;PURPOSE&quot;:&quot;Used by the analytics and personalization company, Ezoic, to uniquely identify you across different websites on the internet so your experience can be customized.&quot;},&quot;ezosuigenerisc&quot;:{&quot;PURPOSE&quot;:&quot;Used by the analytics and personalization company, Ezoic, to uniquely identify you across different websites on the internet so your experience can be customized.&quot;},&quot;ezouid_#&quot;:{&quot;PURPOSE&quot;:&quot;Used by the analytics and personalization company, Ezoic, to uniquely identify you as a visitor on this website. Used for analytics and personalization of your experience.&quot;},&quot;ezouspva&quot;:{&quot;PURPOSE&quot;:&quot;Used by the analytics and personalization company, Ezoic, to track how many pages a user has visited all time.&quot;},&quot;ezouspvh&quot;:{&quot;PURPOSE&quot;:&quot;Used by the analytics and personalization company, Ezoic, to track how many pages a user has visited since their last visit.&quot;},&quot;ezouspvv&quot;:{&quot;PURPOSE&quot;:&quot;Used by the analytics and personalization company, Ezoic, to track how many pages a user has visited.&quot;},&quot;ezovid_#&quot;:{&quot;PURPOSE&quot;:&quot;Used by the analytics and personalization company, Ezoic, to uniquely identify a visit by you to this website. Used for analytics and personalization of your experience.&quot;},&quot;ezovuuid_#&quot;:{&quot;PURPOSE&quot;:&quot;Used by the analytics and personalization company, Ezoic, to uniquely identify a visit by you to this website. Used for analytics and personalization of your experience.&quot;},&quot;ezovuuidtime_#&quot;:{&quot;PURPOSE&quot;:&quot;Used by the analytics and personalization company, Ezoic, to record the time of your visit to this website so different visits can be differentiated from each other.&quot;},&quot;ezpicker&quot;:{&quot;PURPOSE&quot;:&quot;Used by the analytics and personalization company, Ezoic, to turn on ezpicker&quot;},&quot;ezpicker_nocache&quot;:{&quot;PURPOSE&quot;:&quot;Used by the analytics and personalization company, Ezoic, to tell the ezpicker app to run without using the cache.&quot;},&quot;ezpicker_showall&quot;:{&quot;PURPOSE&quot;:&quot;Used by the analytics and personalization company, Ezoic, to tell the ezpicker app to show all placeholders.&quot;},&quot;ezux_et_#&quot;:{&quot;PURPOSE&quot;:&quot;Used by the analytics and personalization company, Ezoic, to record the amount of time that you engaged with content on this website. Used for analytics purposes to improve user experience.&quot;},&quot;ezux_lpl_#&quot;:{&quot;PURPOSE&quot;:&quot; Used by the analytics and personalization company, Ezoic, to record the time that you loaded the last page on this website.&quot;},&quot;ezux_tos_#&quot;:{&quot;PURPOSE&quot;:&quot;Used by the analytics and personalization company, Ezoic, to record the amount of time you have spent on this website.&quot;},&quot;ezuz_ifep_#&quot;:{&quot;PURPOSE&quot;:&quot;Used by the analytics and personalization company, Ezoic, to record whether you have engaged with the content on this site.  Used for analytics purposes to improve user experience.&quot;},&quot;sitespeed_preview&quot;:{&quot;PURPOSE&quot;:&quot;&quot;},&quot;speed_no_process&quot;:{&quot;PURPOSE&quot;:&quot;&quot;},&quot;wordpress_logged_in_#&quot;:{&quot;PURPOSE&quot;:&quot;Used by Wordpress sites to identify the user.&quot;},&quot;wordpress_sec_#&quot;:{&quot;PURPOSE&quot;:&quot;Used by Wordpress sites for security purposes.&quot;},&quot;wordpress_test_cookie&quot;:{&quot;PURPOSE&quot;:&quot;WordPress sets this cookie when you navigate to the login page. The cookie is used to check whether your web browser is set to allow, or reject cookies.&quot;},&quot;wp-postpass_#&quot;:{&quot;PURPOSE&quot;:&quot;Used by Wordpress sites for security / login purposes&quot;},&quot;wp-settings-#&quot;:{&quot;PURPOSE&quot;:&quot;Stores the settings of the wordpress user that is logged in.&quot;},&quot;wp-settings-time-#&quot;:{&quot;PURPOSE&quot;:&quot;Stores the id of the wordpress user that is logged in.&quot;}},&quot;fr&quot;:{&quot;AMP_ECID_EZOIC&quot;:{&quot;PURPOSE&quot;:&quot;Utilisé par Ezoic et une entreprise de personnalisation et  d&#039;analyse statistiques sur AMP&quot;},&quot;BCSI-AC-#&quot;:{&quot;PURPOSE&quot;:&quot;UtilisÃ© par les rÃ©seaux utilisant la technologie Bluecoat de serveurs en proxy afin d&#039;identifier les utilisateurs. &quot;},&quot;BCSI-ACP-#&quot;:{&quot;PURPOSE&quot;:&quot;UtilisÃ© par les rÃ©seaux utilisant la technologie Bluecoat de serveurs en proxy afin d&#039;identifier les utilisateurs. &quot;},&quot;BCSI-CS-#&quot;:{&quot;PURPOSE&quot;:&quot;UtilisÃ© par les rÃ©seaux utilisant la technologie Bluecoat de serveurs en proxy afin d&#039;identifier les utilisateurs. &quot;},&quot;GED_PLAYLIST_ACTIVITY&quot;:{&quot;PURPOSE&quot;:&quot;Utilisé pour suivre l&#039;activité liée aux vidéos YouTube intégrées&quot;},&quot;PHPSESSID&quot;:{&quot;PURPOSE&quot;:&quot;Un identifiant unique a eu l&#039;habitude de préserver des états à travers des pages.&quot;},&quot;SL_GWPT_Show_Hide_tmp&quot;:{&quot;PURPOSE&quot;:&quot;&quot;},&quot;SL_wptGlobTipTmp&quot;:{&quot;PURPOSE&quot;:&quot;&quot;},&quot;__gads&quot;:{&quot;PURPOSE&quot;:&quot;UtilisÃ© pour enregistrer les annonces qui ont Ã©tÃ© affichÃ©es Ã  l&#039;utilisateur.&quot;},&quot;__qca&quot;:{&quot;PURPOSE&quot;:&quot;Collecte des données anonymes sur les visites de l&#039;utilisateur sur le site Web, telles que le nombre de visites, le temps moyen passé sur le site Web et les pages qui ont été chargées dans le but de générer des rapports pour optimiser le contenu du site.&quot;},&quot;__utma&quot;:{&quot;PURPOSE&quot;:&quot;Rassembler les données sur le nombre de fois un utilisateur a visité le site Web aussi bien que sort pour la date de la visite première et la plus récente. Utilisé par Google Analytique.&quot;},&quot;__utmb&quot;:{&quot;PURPOSE&quot;:&quot;Enregistre un horodatage avec l&#039;heure exacte à laquelle l&#039;utilisateur a accédé au site Web. Utilisé par Google Analytics pour calculer la durée d&#039;une visite de site Web.&quot;},&quot;__utmc&quot;:{&quot;PURPOSE&quot;:&quot;Enregistre un horodatage avec l&#039;heure exacte à laquelle l&#039;utilisateur quitte le site Web. Utilisé par Google Analytics pour calculer la durée d&#039;une visite de site Web.&quot;},&quot;__utmd&quot;:{&quot;PURPOSE&quot;:&quot;Utilisé par Google Analytics pour suivre votre activité sur un site Web.&quot;},&quot;__utmt_e&quot;:{&quot;PURPOSE&quot;:&quot;Utilisé pour limiter la vitesse des requêtes sur le serveur.&quot;},&quot;__utmt_f&quot;:{&quot;PURPOSE&quot;:&quot;Utilisé pour limiter la vitesse des requêtes sur le serveur.&quot;},&quot;__utmv&quot;:{&quot;PURPOSE&quot;:&quot;Permet de stocker des données de variable personnalisée au niveau des visiteurs dans Google Analytics.&quot;},&quot;__utmz&quot;:{&quot;PURPOSE&quot;:&quot;Recueille des données sur l&#039;origine de l&#039;utilisateur, le moteur de recherche utilisé, le lien cliqué et le terme de recherche utilisé. Utilisé par Google Analytics&quot;},&quot;_ga&quot;:{&quot;PURPOSE&quot;:&quot;Utilisé pour distinguer les utilisateurs par Google Analytics&quot;},&quot;_gat&quot;:{&quot;PURPOSE&quot;:&quot;Utilisé pour distinguer les utilisateurs par Google Analytics&quot;},&quot;_gat_gtag_UA_#&quot;:{&quot;PURPOSE&quot;:&quot;UtilisÃ© par Google Analytics pour le tracking des utilisateurs.&quot;},&quot;_gid&quot;:{&quot;PURPOSE&quot;:&quot;Utilisé pour distinguer les utilisateurs par Google Analytics&quot;},&quot;_pk_id..#&quot;:{&quot;PURPOSE&quot;:&quot;UtilisÃ© par Matomo (Piwik) Ã  des fins de tracking analytique, stockant un ID unique par visiteur.&quot;},&quot;_pk_ref..#&quot;:{&quot;PURPOSE&quot;:&quot;UtilisÃ© par Matomo (Piwik) Ã  des fins analytique afin de stocker les sites rÃ©fÃ©rant.&quot;},&quot;_pk_ses..#&quot;:{&quot;PURPOSE&quot;:&quot;UtilisÃ© par Matomo (Piwik) Ã  des fins analytiques.&quot;},&quot;_sm_au&quot;:{&quot;PURPOSE&quot;:&quot;Utilisé par Google Adwords pour rediriger les annonces vers les utilisateurs.&quot;},&quot;active_template::#&quot;:{&quot;PURPOSE&quot;:&quot;Utilisé par l&#039;analytique et la personnalisation de l&#039;entreprise, Ezoic, stocke quelle mise en page vous verrez sur ce site Web.&quot;},&quot;bafp&quot;:{&quot;PURPOSE&quot;:&quot;Permet de suivre votre activitÃ© de navigation sur plusieurs sites Web.&quot;},&quot;cookieconsent_dismissed&quot;:{&quot;PURPOSE&quot;:&quot;Permet de suivre la fermeture du formulaire de consentement de cookie.&quot;},&quot;cto_idcpy&quot;:{&quot;PURPOSE&quot;:&quot;UtilisÃ© par la rÃ©gie publicitaire, Criteo.&quot;},&quot;cto_lwid&quot;:{&quot;PURPOSE&quot;:&quot;UtilisÃ© par la rÃ©gie publicitaire, Criteo.&quot;},&quot;cto_optout&quot;:{&quot;PURPOSE&quot;:&quot;Utilisé par le réseau d&#039;annonce Criteo pour enregistrer si vous avez opté pour des annonces personnalisées.&quot;},&quot;cto_sid&quot;:{&quot;PURPOSE&quot;:&quot;Utilisé par le réseau publicitaire criteo pour suivre votre activité pendant votre session de navigation.&quot;},&quot;ezCMPCCS&quot;:{&quot;PURPOSE&quot;:&quot;UtilisÃ© par la sociÃ©tÃ© de personnalisation et d&#039;apprentissage analytique Ezoic afin de tracker lorsqu&#039;un utilisateur consent aux Cookies statistiques. &quot;},&quot;ezCMPCookieConsent&quot;:{&quot;PURPOSE&quot;:&quot;UtilisÃ© par l&#039;entreprise de personnalisation et d&#039;apprentissage Analytique Ezoic afin d&#039;identifier lorsqu&#039;un utilisateur consent aux cookies. &quot;},&quot;ez_ad_position_version&quot;:{&quot;PURPOSE&quot;:&quot;UtilisÃ© par l&#039;entreprise de personnalisation et d&#039;apprentissage Analytique Ezoic, afin de dÃ©terminer si l&#039;outil Ad Tester devrait Ãªtre montrÃ© Ã  tel utilisateur, Ã  partir de l&#039;extension Ad Tester.&quot;},&quot;ez_pub_site&quot;:{&quot;PURPOSE&quot;:&quot;UtilisÃ© par l&#039;entreprise de personnalisation et d&#039;apprentissage Analytique Ezoic, afin de montrer le site avec les outils Ezoic d&#039;activÃ©s.&quot;},&quot;ez_rdr&quot;:{&quot;PURPOSE&quot;:&quot;UtilisÃ© par l&#039;entreprise de personnalisation et d&#039;apprentissage Analytique Ezoic afin d&#039;identifier les redirections.&quot;},&quot;ez_rdr_count&quot;:{&quot;PURPOSE&quot;:&quot;UtilisÃ© par l&#039;entreprise de personnalisation et d&#039;apprentissage Analytique Ezoic afin d&#039;identifier les redirections.&quot;},&quot;ez_recommended_pages&quot;:{&quot;PURPOSE&quot;:&quot;UtilisÃ© par la sociÃ©tÃ© de personnalisation et d&#039;apprentissage analytique Ezoic afin de tracker le nombre de visiteurs venant du widget \&quot;pages recommandÃ©es\&quot;.&quot;},&quot;ez_view_optimized_only&quot;:{&quot;PURPOSE&quot;:&quot;&quot;},&quot;ez_view_optimized_only\n&quot;:{&quot;PURPOSE&quot;:&quot;UtilisÃ© par l&#039;entreprise de personnalisation et d&#039;apprentissage Analytique Ezoic, afin de montrer le site original sans les outils Ezoic.&quot;},&quot;ez_view_original_only&quot;:{&quot;PURPOSE&quot;:&quot;UtilisÃ© par l&#039;entreprise de personnalisation et d&#039;apprentissage analytique Ezoic, afin de montrer le site original sans les outils Ezoic.&quot;},&quot;ezdg&quot;:{&quot;PURPOSE&quot;:&quot;UtilisÃ© par l&#039;entreprise de personnalisation et d&#039;apprentissage Analytique Ezoic, afin de gardes les informations comme l&#039;Ã¢ge et le genre.&quot;},&quot;ezds&quot;:{&quot;PURPOSE&quot;:&quot;Utilisé par l&#039;analytique et la personnalisation de l&#039;entreprise, Ezoic, stocke la taille de pixel de votre écran pour aider personnaliser votre expérience et assure que le contenu s&#039;adapte.&quot;},&quot;ezepvv&quot;:{&quot;PURPOSE&quot;:&quot;UtilisÃ© par la sociÃ©tÃ© de personnalisation et d&#039;apprentissage analytique Ezoic afin de tracker les pages vues d&#039;un utilisateur.&quot;},&quot;ezoab_#&quot;:{&quot;PURPOSE&quot;:&quot;Utilisé par l&#039;analytique et la personnalisation de l&#039;entreprise, Ezoic, pour diviser et tester les différentes fonctionnalités&quot;},&quot;ezoadgid_#&quot;:{&quot;PURPOSE&quot;:&quot;Enregistre un id qui contient votre âge et la sexualité.  Par exemple, id 923 pourraient être pour les mâles entre 20 et 30 ans.&quot;},&quot;ezoawesome_#&quot;:{&quot;PURPOSE&quot;:&quot;Utilisé par l&#039;analytique et  la personnalisation de l&#039;entreprise, Ezoic, pour fraude et détection d&#039;activité invalide.&quot;},&quot;ezohw&quot;:{&quot;PURPOSE&quot;:&quot;Utilisé par l&#039;analytique et la personnalisation de l&#039;entreprise, Ezoic, pour stocker la taille de pixel de votre navigateur pour aider a personnaliser votre expérience et assure que le contenu s&#039;adapte.&quot;},&quot;ezopvc_#&quot;:{&quot;PURPOSE&quot;:&quot;Utilisé par l&#039;analytique et la personnalisation de l&#039;entreprise, Ezoic, pour stocker le nombre de pages que vous avez vues sur ce site à cette session&quot;},&quot;ezoref_#&quot;:{&quot;PURPOSE&quot;:&quot;Utilisé par l&#039;analytique et la personnalisation de l&#039;entreprise, Ezoic, pour stocker le domaine se référant (le site Web ou vous étiez avant que vous ne venez sur ce site Web).&quot;},&quot;ezostid_#&quot;:{&quot;PURPOSE&quot;:&quot;Utilisé par l&#039;analytique et la personnalisation de l&#039;entreprise, Ezoic, pour tester des caractéristiques différentes et la fonctionnalité et enregistrer la fonctionnalité  qui est disponible pour vous afin que vous recevez une expérience cohérente.&quot;},&quot;ezosuigeneris&quot;:{&quot;PURPOSE&quot;:&quot;Utilisé par l&#039;analytique et la personnalisation de l&#039;entreprise, Ezoic, pour identifier de facon unique à travers des sites Web différents sur Internet pour que votre expérience puisse etre personnalisée.&quot;},&quot;ezosuigenerisc&quot;:{&quot;PURPOSE&quot;:&quot;UtilisÃ© par la sociÃ©tÃ© de personnalisation et d&#039;apprentissage analytique Ezoic, afin de vous identifier sur diffÃ©rents sites sur internet afin de personnaliser votre parcours utilisateur. &quot;},&quot;ezouid_#&quot;:{&quot;PURPOSE&quot;:&quot;Utilisé par l&#039;analytique et la personnalisation de l&#039;entreprise, Ezoic, pour identifier de facon unique comme visiteur sur ce site Web. Utilisé pour analytique et la personnalisation de votre expérience.&quot;},&quot;ezouspva&quot;:{&quot;PURPOSE&quot;:&quot;UtilisÃ© par la sociÃ©tÃ© de personnalisation et d&#039;apprentissage analytique Ezoic afin de tracker le nombre de pages vues par un utilisateur en tout. &quot;},&quot;ezouspvh&quot;:{&quot;PURPOSE&quot;:&quot;UtilisÃ© par la sociÃ©tÃ© de personnalisation et d&#039;apprentissage analytique Ezoic afin de tracker le nombre de pages qu&#039;un utilisateur a vu depuis sa derniÃ¨re visite.&quot;},&quot;ezouspvv&quot;:{&quot;PURPOSE&quot;:&quot;UtilisÃ© par la sociÃ©tÃ© de personnalisation et d&#039;apprentissage analytique Ezoic afin de tracker le nombre de pages qu&#039;un utilisateur a visitÃ©.&quot;},&quot;ezovid_#&quot;:{&quot;PURPOSE&quot;:&quot;Utilisé par l&#039;analytique et  la personnalisation de l&#039;entreprise, Ezoic, pour uniquement identifier une visite de vous sur ce site Web. Utilisé pour analytique et personnalisation de votre expérience.&quot;},&quot;ezovuuid_#&quot;:{&quot;PURPOSE&quot;:&quot;Utilisé par l&#039;analytique et  la personnalisation de l&#039;entreprise, Ezoic, pour uniquement identifier une visite de vous sur ce site Web. Utilisé pour analytique et personnalisation de votre expérience.&quot;},&quot;ezovuuidtime_#&quot;:{&quot;PURPOSE&quot;:&quot;Utilisé par l&#039;analytique et  la personnalisation de l&#039;entreprise, Ezoic, pour enregistrer le temps de votre visite sur un site web et donc differencier les differentes visites les une des autres.&quot;},&quot;ezpicker&quot;:{&quot;PURPOSE&quot;:&quot;UtilisÃ© par l&#039;entreprise de personnalisation et d&#039;apprentissage Analytique Ezoic, afin d&#039;activer ezpicker&quot;},&quot;ezpicker_nocache&quot;:{&quot;PURPOSE&quot;:&quot;UtilisÃ© par l&#039;entreprise de personnalisation et d&#039;apprentissage Analytique Ezoic, afin d&#039;utiliser le ezpicker sans le cache. &quot;},&quot;ezpicker_showall&quot;:{&quot;PURPOSE&quot;:&quot;UtilisÃ© par l&#039;entreprise de personnalisation et d&#039;apprentissage Analytique Ezoic afin d&#039;indiquer Ã  l&#039;application ezpicker de montrer tous les Placeholders.&quot;},&quot;ezux_et_#&quot;:{&quot;PURPOSE&quot;:&quot;Utilisé par l&#039;analytique et  la personnalisation de l&#039;entreprise, Ezoic, enregistre le temps que vous avez engagé avec le contenu sur ce site Web. Utilisé pour des buts d&#039;analytique pour améliorer l&#039;expérience utilisateur.&quot;},&quot;ezux_lpl_#&quot;:{&quot;PURPOSE&quot;:&quot;Utilisé par l&#039;analytique et  la personnalisation de l&#039;entreprise, Ezoic, enregistre le temps que vous avez chargé la dernière page sur ce site Web.&quot;},&quot;ezux_tos_#&quot;:{&quot;PURPOSE&quot;:&quot;Utilisé par l&#039;analytique et  la personnalisation de l&#039;entreprise, Ezoic, enregistre le temps vous avez passé sur ce site Web.&quot;},&quot;ezuz_ifep_#&quot;:{&quot;PURPOSE&quot;:&quot;Utilisé par l&#039;analytique et  la personnalisation de l&#039;entreprise, Ezoic, enregistre si vous vous êtes engagés avec le contenu sur ce site. Utilisé pour des buts d&#039;analytique afin d&#039;améliorer l&#039;expérience utilisateur.&quot;},&quot;sitespeed_preview&quot;:{&quot;PURPOSE&quot;:&quot;&quot;},&quot;speed_no_process&quot;:{&quot;PURPOSE&quot;:&quot;&quot;},&quot;wordpress_logged_in_#&quot;:{&quot;PURPOSE&quot;:&quot;UtilisÃ© par Wordpress afin d&#039;identifier les utilisateurs.&quot;},&quot;wordpress_sec_#&quot;:{&quot;PURPOSE&quot;:&quot;UtilisÃ© par Wordpress pour des raisons de sÃ©curitÃ©.&quot;},&quot;wordpress_test_cookie&quot;:{&quot;PURPOSE&quot;:&quot;WordPress définit ce cookie lorsque vous accédez à la page de connexion. Le cookie est utilisé pour vérifier si votre navigateur est configuré pour autoriser ou refuser les cookies.&quot;},&quot;wp-postpass_#&quot;:{&quot;PURPOSE&quot;:&quot;UtilisÃ© par Wordpress pour des raisons de sÃ©curitÃ© / connection.&quot;},&quot;wp-settings-#&quot;:{&quot;PURPOSE&quot;:&quot;Stocker les réglages de l&#039;utilisateur wordpress qui est connecté.&quot;},&quot;wp-settings-time-#&quot;:{&quot;PURPOSE&quot;:&quot;Stocker  l&#039;id wordpress de l&#039;utilisateur qui est connecté.&quot;}}},&quot;privacy&quot;:&quot;https://www.restapiexample.com/privacy-policy/&quot;};
		var styles = &#039;#ez-cookie-dialog-wrapper{width:100%!important;height:100%!important;margin:0 auto!important;position:fixed!important;top:0!important;left:0!important;background-color:rgba(0,0,0,.5)!important;font-family:Arial,serif!important;z-index:2000000000!important;overflow-y:auto!important}#ez-cookie-dialog-wrapper #ez-cookie-dialog #ez-cookie-table-box{overflow-y:auto!important;max-height:150px!important}#ez-cookie-dialog-wrapper #ez-cookie-dialog .select-wrapper input,#ez-cookie-dialog-wrapper #ez-cookie-dialog .select-wrapper span,#ez-cookie-dialog-wrapper #ez-cookie-dialog .select-wrapper ul{display:none!important}#ez-cookie-dialog-wrapper #ez-cookie-dialog{display:block!important;position:relative!important;opacity:1!important;visibility:visible!important;margin:150px auto 0!important;width:650px!important;-webkit-box-sizing:content-box!important;-moz-box-sizing:content-box!important;box-sizing:content-box!important;max-width:90%!important;background:#fff!important;padding:12px 24px!important;overflow:hidden!important;z-index:2000000000!important;border:10px solid #5fa624!important;box-shadow:#333 1px 1px 10px 1px!important;line-height:1.2!important;text-align:left!important}#ez-cookie-dialog-wrapper #ez-cookie-dialog h2{font-size:20px!important;line-height:16px!important;font-weight:700!important;margin:10px 0 16px!important}#ez-cookie-dialog-wrapper #ez-cookie-dialog p{margin:12px 0!important;line-height:16px!important;text-indent:0!important}#ez-cookie-dialog-wrapper #ez-cookie-dialog button{line-height:16px!important;text-transform:none!important}#ez-cookie-dialog-wrapper #ez-cookie-dialog input,#ez-cookie-dialog-wrapper #ez-cookie-dialog select{display:inline-block!important;position:relative!important;opacity:1!important;margin:3px!important;font-size:13px!important;background-color:#fff!important;width:initial!important;padding:0!important;border:1px solid #a9a9a9!important;border-radius:0!important;height:initial!important}#ez-cookie-dialog-wrapper #ez-cookie-dialog a,#ez-cookie-dialog-wrapper #ez-cookie-dialog button,#ez-cookie-dialog-wrapper #ez-cookie-dialog h2,#ez-cookie-dialog-wrapper #ez-cookie-dialog p{color:#333!important;font-style:normal!important;text-decoration:none!important;font-variant:normal!important;font-family:Arial,serif!important;box-shadow:none!important}#ez-cookie-dialog-wrapper #ez-cookie-dialog #ez-cookie-details-description,#ez-cookie-dialog-wrapper #ez-cookie-dialog button,#ez-cookie-dialog-wrapper #ez-cookie-dialog p{font-weight:400!important;font-size:10pt!important}#ez-cookie-dialog-wrapper #ez-cookie-dialog #ez-cookie-details-description{padding:10px 0 5px!important;color:#333!important}#ez-cookie-dialog-wrapper #ez-cookie-dialog #ez-cookie-details{height:34px!important}#ez-cookie-dialog-wrapper #ez-cookie-dialog #ez-about-cookies,#ez-cookie-dialog-wrapper #ez-cookie-dialog #ez-cookie-details{display:table-cell!important;color:#5fa624!important;vertical-align:bottom!important;position:relative!important}#ez-cookie-dialog-wrapper #ez-cookie-dialog #ez-cookie-details:after{width:0!important;height:0!important;border-left:4px solid transparent!important;border-right:4px solid transparent!important;border-top:4px solid #5fa624!important;content:&quot;&quot;!important;position:absolute!important;right:-14px!important;bottom:6px!important}#ez-cookie-dialog-wrapper #ez-cookie-dialog #ez-cookie-details.open:after{border-bottom:4px solid #5fa624!important;border-top:0 solid transparent!important}#ez-cookie-dialog-wrapper #ez-cookie-dialog #ez-all-cookies,#ez-cookie-dialog-wrapper #ez-cookie-dialog #ez-necessary-cookies{border:none!important;color:#fff!important;padding:10px 20px!important;text-decoration:none!important;font-family:Arial,serif!important}#ez-cookie-dialog-wrapper #ez-cookie-dialog #ez-about-cookies-text{display:none!important;margin-top:12px!important;text-align:left!important}#ez-cookie-dialog-wrapper #ez-cookie-dialog #ez-necessary-cookies{background:#333!important}#ez-cookie-dialog-wrapper #ez-cookie-dialog #ez-necessary-cookies:hover{cursor:pointer!important;background:#111!important;text-decoration:none!important}#ez-cookie-dialog-wrapper #ez-cookie-dialog #ez-all-cookies{background:#5fa624!important}#ez-cookie-dialog-wrapper #ez-cookie-dialog #ez-all-cookies:hover{cursor:pointer!important;background:#568f25!important;text-decoration:none!important}#ez-cookie-dialog-wrapper #ez-cookie-dialog #privacy-link{font-size:12px!important;display:block!important;margin-top:20px!important;text-decoration:underline!important}#ez-cookie-dialog-wrapper #ez-cookie-dialog #ez-ok-cookies{border:1px solid #eee!important;font-family:Arial,serif!important;font-size:9pt!important;color:#000!important;background:#fff!important;padding:5px 15px!important;text-decoration:none!important}#ez-cookie-dialog-wrapper #ez-cookie-dialog #ez-ok-cookies:hover{cursor:pointer!important;background:#eee!important;text-decoration:none!important}#ez-cookie-dialog-wrapper #ez-cookie-dialog #ez-about-cookies-container{margin:32px auto 12px!important;width:100%!important;display:none!important}#ez-cookie-dialog-wrapper #ez-cookie-dialog a{color:#5fa624!important;text-decoration:none!important}#ez-cookie-dialog-wrapper #ez-cookie-dialog #privacy{text-align:right!important}#ez-cookie-dialog-wrapper #ez-cookie-dialog #ez-cookie-options{display:flex!important;flex-direction:row!important;margin:12px 0!important}#ez-cookie-dialog-wrapper #ez-cookie-dialog #ez-cookie-details-container{display:none!important}#ez-cookie-dialog-wrapper #ez-cookie-dialog .ez-cookie-option{flex:1!important;font-family:Arial,serif!important;font-size:9pt!important;display:block!important;line-height:26px!important;color:#333!important}#ez-cookie-dialog-wrapper #ez-cookie-dialog .ez-cookie-option label{cursor:pointer!important;font-size:12px!important;color:#333!important}#ez-cookie-dialog-wrapper #ez-cookie-dialog #ez-cookie-table{max-width:525px!important;width:525px!important;margin-top:12px!important;font-family:Arial,serif!important;border-spacing:1px!important;font-size:8pt!important;border-collapse:separate!important;background-color:#dcdcdc!important}#ez-cookie-dialog-wrapper #ez-cookie-dialog #ez-cookie-table th{background-color:#f5f5f5!important;color:#333!important}#ez-cookie-dialog-wrapper #ez-cookie-dialog #button-row{display:flex!important;flex-wrap:nowrap!important;justify-content:space-between!important;margin-right:10px!important}#ez-cookie-dialog-wrapper #ez-cookie-dialog #secondary-links{display:flex!important;font-size:12px!important;margin-top:20px!important}#ez-cookie-dialog-wrapper #ez-cookie-dialog #secondary-links .bar{margin:0 5px!important;width:auto!important;height:auto!important;position:relative!important;background:0 0!important}#ez-cookie-dialog-wrapper #ez-cookie-dialog #ez-cookie-table td{background-color:#fff!important;font-size:8pt!important;width:30%!important;-ms-word-break:break-word!important;word-break:break-word!important;color:#333!important}#ez-cookie-dialog-wrapper #ez-cookie-dialog #ez-cookie-table td:nth-child(1){width:30%!important}#ez-cookie-dialog-wrapper #ez-cookie-dialog #ez-cookie-table td:nth-child(2){width:50%!important}#ez-cookie-dialog-wrapper #ez-cookie-dialog #ez-cookie-table td:nth-child(3){width:20%!important}#ez-cookie-dialog-wrapper #ez-cookie-dialog #ez-cookie-table td,#ez-cookie-dialog-wrapper #ez-cookie-dialog #ez-cookie-table th{text-align:left!important;padding:3px!important;vertical-align:top!important}#ez-cookie-dialog-wrapper #ez-cookie-dialog .ez-cookie-option input{vertical-align:middle!important}#ez-cookie-dialog-wrapper #ez-cookie-dialog #ez-cookie-language{position:absolute!important;top:10px!important;right:10px!important;color:#333!important}@media only screen and (max-width:600px){#ez-cookie-dialog-wrapper #ez-cookie-dialog{margin-top:5px!important;width:100%!important;padding:10px!important;border-width:5px!important}#ez-cookie-dialog-wrapper #ez-cookie-dialog #button-row,#ez-cookie-dialog-wrapper #ez-cookie-dialog #ez-cookie-options{flex-direction:column!important}#ez-cookie-dialog-wrapper #ez-cookie-dialog #ez-necessary-cookies{margin-bottom:5px!important}#ez-cookie-dialog-wrapper #ez-cookie-dialog h2{margin:5px 0!important;font-size:16px!important}#ez-cookie-dialog-wrapper #ez-cookie-dialog #ez-cookie-table-box{overflow-y:auto!important;max-height:100px!important}}.cDuration{display:none}&#039;;
		var wrapper = &#039;&lt;div id=&quot;ez-cookie-dialog-wrapper&quot;&gt; &lt;div id=&quot;ez-cookie-dialog&quot;&gt; &lt;select id=&quot;ez-cookie-language&quot; onchange=&quot;ezCMP.changeLanguage(this.value)&quot;&gt;{language-options}&lt;/select&gt; &lt;div id=&quot;ez-cookie-form&quot;&gt;&lt;/div&gt; &lt;/div&gt;&lt;/div&gt;&#039;;
		var template = &#039;&lt;div id=&quot;ez-cookie-template&quot;&gt; &lt;h2&gt;{dialog-heading}&lt;/h2&gt; &lt;p&gt;{dialog-body}&lt;/p&gt;&lt;p&gt;&lt;span id=&quot;button-row&quot;&gt; &lt;span&gt; &lt;button id=&quot;ez-necessary-cookies&quot; onclick=&quot;ezCMP.handleDeclineClick()&quot;&gt;{decline-button-text}&lt;/button&gt; &lt;button id=&quot;ez-all-cookies&quot; onclick=&quot;ezCMP.handleAcceptClick()&quot;&gt;{accept-button-text}&lt;/button&gt; &lt;/span&gt; &lt;span&gt; &lt;a id=&quot;ez-cookie-details&quot; onclick=&quot;ezCMP.toggleDetails(true)&quot; href=&quot;javascript:void(0);&quot;&gt;{cookie-details-link}&lt;/a&gt; &lt;/span&gt; &lt;/span&gt; &lt;/p&gt;&lt;div id=&quot;ez-cookie-options&quot;&gt; &lt;div class=&quot;ez-cookie-option&quot;&gt;&lt;label&gt;&lt;input id=&quot;ez-cookie-option-necessary&quot; type=&quot;checkbox&quot; value=&quot;1&quot; disabled checked/&gt;{necessary}&lt;/label&gt;&lt;/div&gt;&lt;div class=&quot;ez-cookie-option&quot;&gt;&lt;label&gt;&lt;input id=&quot;ez-cookie-option-preference&quot; type=&quot;checkbox&quot; value=&quot;0&quot;{preference-checked}/&gt;{preference}&lt;/label&gt;&lt;/div&gt;&lt;div class=&quot;ez-cookie-option&quot;&gt;&lt;label&gt;&lt;input id=&quot;ez-cookie-option-statistics&quot; type=&quot;checkbox&quot; value=&quot;0&quot;{statistics-checked}/&gt;{statistics}&lt;/label&gt;&lt;/div&gt;&lt;div class=&quot;ez-cookie-option&quot;&gt;&lt;label&gt;&lt;input id=&quot;ez-cookie-option-marketing&quot; type=&quot;checkbox&quot; value=&quot;0&quot;{marketing-checked}/&gt;{marketing}&lt;/label&gt;&lt;/div&gt;&lt;div class=&quot;ez-cookie-option&quot;&gt;&lt;button id=&quot;ez-ok-cookies&quot; onclick=&quot;ezCMP.handleOkClick()&quot;&gt;{ok-button-text}&lt;/button&gt;&lt;/div&gt;&lt;/div&gt;&lt;div id=&quot;ez-cookie-details-container&quot;&gt; &lt;div&gt; &lt;select onchange=&quot;ezCMP.loadDetails(this.value)&quot;&gt; &lt;option value=&quot;necessary&quot;&gt;{necessary}&lt;/option&gt; &lt;option value=&quot;preference&quot;&gt;{preference}&lt;/option&gt; &lt;option value=&quot;statistics&quot;&gt;{statistics}&lt;/option&gt; &lt;option value=&quot;marketing&quot;&gt;{marketing}&lt;/option&gt; &lt;option value=&quot;unclassified&quot;&gt;{unclassified}&lt;/option&gt; &lt;/select&gt; &lt;/div&gt;&lt;div id=&quot;ez-cookie-details-description&quot;&gt;&lt;/div&gt;&lt;div style=&quot;overflow-x:auto;&quot; id=&quot;ez-cookie-table-box&quot;&gt; &lt;table id=&quot;ez-cookie-table&quot;&gt; &lt;thead&gt; &lt;tr&gt; &lt;th&gt;{column-name}&lt;/th&gt; &lt;th&gt;{column-purpose}&lt;/th&gt; &lt;th&gt;{column-pii}&lt;/th&gt; &lt;th class=&quot;cDuration&quot;&gt;{column-duration}&lt;/th&gt; &lt;/tr&gt;&lt;/thead&gt; &lt;tbody id=&quot;ez-cookie-table-body&quot;&gt; &lt;/tbody&gt; &lt;/table&gt; &lt;/div&gt;&lt;/div&gt;&lt;p id=&quot;ez-about-cookies-text&quot;&gt;{cookie-info}&lt;/p&gt;&lt;div id=&quot;secondary-links&quot;&gt; &lt;a id=&quot;ez-about-cookies&quot; href=&quot;javascript:void(0);&quot; onclick=&quot;ezCMP.toggleAbout()&quot;&gt;{about-cookies-link}&lt;/a&gt; &lt;span class=&quot;bar&quot;&gt;|&lt;/span&gt; &lt;a href=&quot;{privacy}&quot; target=&quot;_privacy&quot;&gt;{privacy-link}&lt;/a&gt; &lt;/div&gt;&lt;/div&gt;&#039;;
		var dcId,cmp,selectedLanguage;var toggle={details:!1,about:!1};var XMLHttpFactories=[function(){return new XMLHttpRequest()},function(){return new ActiveXObject(&quot;Msxml3.XMLHTTP&quot;)},function(){return new ActiveXObject(&quot;Msxml2.XMLHTTP.6.0&quot;)},function(){return new ActiveXObject(&quot;Msxml2.XMLHTTP.3.0&quot;)},function(){return new ActiveXObject(&quot;Msxml2.XMLHTTP&quot;)},function(){return new ActiveXObject(&quot;Microsoft.XMLHTTP&quot;)}];function createXMLHTTPObject(){var xmlhttp=!1;for(var i=0;i&lt;XMLHttpFactories.length;i++){try{xmlhttp=XMLHttpFactories[i]()}catch(e){continue}
break}
return xmlhttp}
function fireEvent(el,type){var e;if(&#039;createEvent&#039; in document){e=document.createEvent(&#039;HTMLEvents&#039;);e.initEvent(type,!1,!0);el.dispatchEvent(e)}else{e=document.createEventObject();e.eventType=type;el.fireEvent(&#039;on&#039;+e.eventType,e)}}
[...]
var cmpVendorData={"selectedPurposeIds":selectedPurposeIds,"selectedVendorIds":selectedVendorIds,"cookieVersion":1,"cmpId":1,"cmpVersion":1,"consentLanguage":"EN","maxVendorId":345,"created":d.toUTCString(),"lastUpdated":d.toUTCString(),"vendorListVersion":31,"vendorList":vendorList};if(window.__cmp){window.__cmp('setVendorConsentCookie',cmpVendorData)}}
function sendRequest(url,callback,postData){var req=createXMLHTTPObject();if(!req)return;var method=(postData)?"POST":"GET";req.open(method,url,!0);if(postData)req.setRequestHeader('Content-type','application/x-www-form-urlencoded');req.onreadystatechange=function(){if(req.readyState!==4)return;if(req.status!==200&&req.status!==304)return;callback(req)};if(req.readyState===4)return;req.send(postData)}
function setCookie(consentData){var d=new Date();d.setTime(d.getTime()+(results.ckLength*24*60*60*1000));var expires="expires="+d.toUTCString();document.cookie=results.ezCMP+"="+consentData+";"+expires+";domain="+results.domain+";path=/"}
function determineCheckedCheckboxes(){var selectedBoxes={};if(results.settings.checkedConsentBoxes){var boxes=results.settings.checkedConsentBoxes.split(',')
for(var i=0;i<boxes.length;i++){selectedBoxes[boxes[i]]='checked="checked"'}}
return selectedBoxes}
function setLanguage(lang){selectedLanguage=lang;b=determineCheckedCheckboxes();var langTemp=template;for(var i=0;i<results.contentData.list.length;i++){var c=results.contentData.list[i];if(c.language===selectedLanguage){dcId=c.id;langTemp=langTemp.replace(/{dialog-heading}/g,c.dialogHeading).replace(/{dialog-body}/g,c.dialogBody).replace(/{privacy}/g,results.privacy);langTemp=langTemp.replace(/{decline-button-text}/g,c.declineButton).replace(/{accept-button-text}/g,c.acceptButton).replace(/{ok-button-text}/g,c.okButton);langTemp=langTemp.replace(/{necessary}/g,c.necessaryCategory);langTemp=langTemp.replace(/{preference}/g,c.preferenceCategory).replace(/{preference-checked}/g,b.preference||"");langTemp=langTemp.replace(/{statistics}/g,c.statisticsCategory).replace(/{statistics-checked}/g,b.statistics||"");langTemp=langTemp.replace(/{marketing}/g,c.marketingCategory).replace(/{marketing-checked}/g,b.marketing||"");langTemp=langTemp.replace(/{unclassified}/g,c.unclassifiedCategory).replace(/{unclassified-checked}/g,b.unclassified||"");langTemp=langTemp.replace(/{cookie-details-link}/g,c.cookieDetailsLink).replace(/{about-cookies-link}/g,c.aboutCookiesLink).replace(/{privacy-link}/g,c.privacyPolicyLink);langTemp=langTemp.replace(/{column-pii}/g,c.columnPII).replace(/{column-duration}/g,c.columnDuration).replace(/{column-name}/g,c.columnName).replace(/{column-purpose}/g,c.columnPurpose).replace(/{cookie-info}/g,c.cookieInfo.replace(/(?:\r\n|\\r\\n|\r|\n)/g,'<br>'))}}
document.getElementById("ez-cookie-form").innerHTML=langTemp;loadDetails('necessary');toggle.about=!1;toggle.details=!1}
function toggleAbout(){var el=document.getElementById('ez-about-cookies-text');el.setAttribute('style',toggle.about?'display:none!important':'display:block!important');toggle.about=!toggle.about}
function toggleDetails(closeAboutOnClose){closeAboutOnClose=typeof closeAboutOnClose!=='undefined'?closeAboutOnClose:!1;var el=document.getElementById('ez-cookie-details-container');el.setAttribute('style',toggle.details?'display:none!important':'display:block!important');if(toggle.details){document.getElementById('ez-cookie-details').classList.remove('open');if(closeAboutOnClose&&toggle.about){toggleAbout()}}else{document.getElementById('ez-cookie-details').classList.add('open')}
toggle.details=!toggle.details}
return{changeLanguage:setLanguage,handleAcceptClick:handleAcceptClick,handleDeclineClick:handleDeclineClick,handleOkClick:handleOkClick,init:init,loadDetails:loadDetails,toggleAbout:toggleAbout,toggleDetails:toggleDetails}})()
    ezCMP.init();
null

at sun.reflect.NativeConstructorAccessorImpl.newInstance0(Native Method)
at sun.reflect.NativeConstructorAccessorImpl.newInstance(NativeConstructorAccessorImpl.java:62)
at sun.reflect.DelegatingConstructorAccessorImpl.newInstance(DelegatingConstructorAccessorImpl.java:45)
at java.lang.reflect.Constructor.newInstance(Constructor.java:423)
at org.codehaus.groovy.reflection.CachedConstructor.invoke(CachedConstructor.java:80)
at org.codehaus.groovy.reflection.CachedConstructor.doConstructorInvoke(CachedConstructor.java:74)
at org.codehaus.groovy.runtime.callsite.ConstructorSite$ConstructorSiteNoUnwrap.callConstructor(ConstructorSite.java:84)
at org.codehaus.groovy.runtime.callsite.CallSiteArray.defaultCallConstructor(CallSiteArray.java:59)
at org.codehaus.groovy.runtime.callsite.AbstractCallSite.callConstructor(AbstractCallSite.java:237)
at org.codehaus.groovy.runtime.callsite.AbstractCallSite.callConstructor(AbstractCallSite.java:249)
at io.restassured.internal.ResponseSpecificationImpl$HamcrestAssertionClosure.validate(ResponseSpecificationImpl.groovy:493)
at io.restassured.internal.ResponseSpecificationImpl$HamcrestAssertionClosure$validate$1.call(Unknown Source)
at io.restassured.internal.ResponseSpecificationImpl.validateResponseIfRequired(ResponseSpecificationImpl.groovy:674)
at sun.reflect.NativeMethodAccessorImpl.invoke0(Native Method)
at sun.reflect.NativeMethodAccessorImpl.invoke(NativeMethodAccessorImpl.java:62)
at sun.reflect.DelegatingMethodAccessorImpl.invoke(DelegatingMethodAccessorImpl.java:43)
at java.lang.reflect.Method.invoke(Method.java:498)
at org.codehaus.groovy.runtime.callsite.PlainObjectMetaMethodSite.doInvoke(PlainObjectMetaMethodSite.java:43)
at org.codehaus.groovy.runtime.callsite.PogoMetaMethodSite$PogoCachedMethodSiteNoUnwrapNoCoerce.invoke(PogoMetaMethodSite.java:190)
at org.codehaus.groovy.runtime.callsite.PogoMetaMethodSite.callCurrent(PogoMetaMethodSite.java:58)
at org.codehaus.groovy.runtime.callsite.AbstractCallSite.callCurrent(AbstractCallSite.java:168)
at io.restassured.internal.ResponseSpecificationImpl.body(ResponseSpecificationImpl.groovy:261)
at io.restassured.specification.ResponseSpecification$body$1.callCurrent(Unknown Source)
at io.restassured.internal.ResponseSpecificationImpl.body(ResponseSpecificationImpl.groovy:108)
at io.restassured.internal.ValidatableResponseOptionsImpl.body(ValidatableResponseOptionsImpl.java:244)
at io.restassured.internal.ValidatableResponseImpl.super$2$body(ValidatableResponseImpl.groovy)
at sun.reflect.NativeMethodAccessorImpl.invoke0(Native Method)
at sun.reflect.NativeMethodAccessorImpl.invoke(NativeMethodAccessorImpl.java:62)
at sun.reflect.DelegatingMethodAccessorImpl.invoke(DelegatingMethodAccessorImpl.java:43)
at java.lang.reflect.Method.invoke(Method.java:498)
at org.codehaus.groovy.reflection.CachedMethod.invoke(CachedMethod.java:101)
at groovy.lang.MetaMethod.doMethodInvoke(MetaMethod.java:323)
at groovy.lang.MetaClassImpl.invokeMethod(MetaClassImpl.java:1217)
at org.codehaus.groovy.runtime.ScriptBytecodeAdapter.invokeMethodOnSuperN(ScriptBytecodeAdapter.java:144)
at io.restassured.internal.ValidatableResponseImpl.body(ValidatableResponseImpl.groovy:298)
at io.restassured.internal.ValidatableResponseImpl.body(ValidatableResponseImpl.groovy)
at dummy.restapi.post.CreateUpdateDeleteAPIs.ValidateNewlyCreatedEmployee(CreateUpdateDeleteAPIs.java:59)
at sun.reflect.NativeMethodAccessorImpl.invoke0(Native Method)
at sun.reflect.NativeMethodAccessorImpl.invoke(NativeMethodAccessorImpl.java:62)
at sun.reflect.DelegatingMethodAccessorImpl.invoke(DelegatingMethodAccessorImpl.java:43)
at java.lang.reflect.Method.invoke(Method.java:498)
at org.testng.internal.MethodInvocationHelper.invokeMethod(MethodInvocationHelper.java:124)
at org.testng.internal.Invoker.invokeMethod(Invoker.java:583)
at org.testng.internal.Invoker.invokeTestMethod(Invoker.java:719)
at org.testng.internal.Invoker.invokeTestMethods(Invoker.java:989)
at org.testng.internal.TestMethodWorker.invokeTestMethods(TestMethodWorker.java:125)
at org.testng.internal.TestMethodWorker.run(TestMethodWorker.java:109)
at org.testng.TestRunner.privateRun(TestRunner.java:648)
at org.testng.TestRunner.run(TestRunner.java:505)
at org.testng.SuiteRunner.runTest(SuiteRunner.java:455)
at org.testng.SuiteRunner.runSequentially(SuiteRunner.java:450)
at org.testng.SuiteRunner.privateRun(SuiteRunner.java:415)
at org.testng.SuiteRunner.run(SuiteRunner.java:364)
at org.testng.SuiteRunnerWorker.runSuite(SuiteRunnerWorker.java:52)
at org.testng.SuiteRunnerWorker.run(SuiteRunnerWorker.java:84)
at org.testng.TestNG.runSuitesSequentially(TestNG.java:1208)
at org.testng.TestNG.runSuitesLocally(TestNG.java:1137)
at org.testng.TestNG.runSuites(TestNG.java:1049)
at org.testng.TestNG.run(TestNG.java:1017)
at org.testng.remote.AbstractRemoteTestNG.run(AbstractRemoteTestNG.java:114)
at org.testng.remote.RemoteTestNG.initAndRun(RemoteTestNG.java:251)
at org.testng.remote.RemoteTestNG.main(RemoteTestNG.java:77)
]]>
    </failure>
  </testcase> <!-- ValidateNewlyCreatedEmployee -->
  <testcase name="UpdateNewlyCreatedEmployee" time="0.785" classname="dummy.restapi.post.CreateUpdateDeleteAPIs">
    <failure type="java.lang.AssertionError" message="1 expectation failed.
JSON path data.name doesn&#039;t match.
Expected: Peter
  Actual: null
">
      <![CDATA[java.lang.AssertionError: 1 expectation failed.
JSON path data.name doesn't match.
Expected: Peter
  Actual: null

at sun.reflect.NativeConstructorAccessorImpl.newInstance0(Native Method)
at sun.reflect.NativeConstructorAccessorImpl.newInstance(NativeConstructorAccessorImpl.java:62)
at sun.reflect.DelegatingConstructorAccessorImpl.newInstance(DelegatingConstructorAccessorImpl.java:45)
at java.lang.reflect.Constructor.newInstance(Constructor.java:423)
at org.codehaus.groovy.reflection.CachedConstructor.invoke(CachedConstructor.java:80)
at org.codehaus.groovy.reflection.CachedConstructor.doConstructorInvoke(CachedConstructor.java:74)
at org.codehaus.groovy.runtime.callsite.ConstructorSite$ConstructorSiteNoUnwrap.callConstructor(ConstructorSite.java:84)
at org.codehaus.groovy.runtime.callsite.AbstractCallSite.callConstructor(AbstractCallSite.java:249)
at io.restassured.internal.ResponseSpecificationImpl$HamcrestAssertionClosure.validate(ResponseSpecificationImpl.groovy:493)
at io.restassured.internal.ResponseSpecificationImpl$HamcrestAssertionClosure$validate$1.call(Unknown Source)
at io.restassured.internal.ResponseSpecificationImpl.validateResponseIfRequired(ResponseSpecificationImpl.groovy:674)
at sun.reflect.NativeMethodAccessorImpl.invoke0(Native Method)
at sun.reflect.NativeMethodAccessorImpl.invoke(NativeMethodAccessorImpl.java:62)
at sun.reflect.DelegatingMethodAccessorImpl.invoke(DelegatingMethodAccessorImpl.java:43)
at java.lang.reflect.Method.invoke(Method.java:498)
at org.codehaus.groovy.runtime.callsite.PlainObjectMetaMethodSite.doInvoke(PlainObjectMetaMethodSite.java:43)
at org.codehaus.groovy.runtime.callsite.PogoMetaMethodSite$PogoCachedMethodSiteNoUnwrapNoCoerce.invoke(PogoMetaMethodSite.java:190)
at org.codehaus.groovy.runtime.callsite.PogoMetaMethodSite.callCurrent(PogoMetaMethodSite.java:58)
at org.codehaus.groovy.runtime.callsite.AbstractCallSite.callCurrent(AbstractCallSite.java:168)
at io.restassured.internal.ResponseSpecificationImpl.body(ResponseSpecificationImpl.groovy:261)
at io.restassured.specification.ResponseSpecification$body$1.callCurrent(Unknown Source)
at io.restassured.internal.ResponseSpecificationImpl.body(ResponseSpecificationImpl.groovy:108)
at io.restassured.internal.ValidatableResponseOptionsImpl.body(ValidatableResponseOptionsImpl.java:244)
at io.restassured.internal.ValidatableResponseImpl.super$2$body(ValidatableResponseImpl.groovy)
at sun.reflect.NativeMethodAccessorImpl.invoke0(Native Method)
at sun.reflect.NativeMethodAccessorImpl.invoke(NativeMethodAccessorImpl.java:62)
at sun.reflect.DelegatingMethodAccessorImpl.invoke(DelegatingMethodAccessorImpl.java:43)
at java.lang.reflect.Method.invoke(Method.java:498)
at org.codehaus.groovy.reflection.CachedMethod.invoke(CachedMethod.java:101)
at groovy.lang.MetaMethod.doMethodInvoke(MetaMethod.java:323)
at groovy.lang.MetaClassImpl.invokeMethod(MetaClassImpl.java:1217)
at org.codehaus.groovy.runtime.ScriptBytecodeAdapter.invokeMethodOnSuperN(ScriptBytecodeAdapter.java:144)
at io.restassured.internal.ValidatableResponseImpl.body(ValidatableResponseImpl.groovy:298)
at io.restassured.internal.ValidatableResponseImpl.body(ValidatableResponseImpl.groovy)
at dummy.restapi.post.CreateUpdateDeleteAPIs.UpdateNewlyCreatedEmployee(CreateUpdateDeleteAPIs.java:89)
at sun.reflect.NativeMethodAccessorImpl.invoke0(Native Method)
at sun.reflect.NativeMethodAccessorImpl.invoke(NativeMethodAccessorImpl.java:62)
at sun.reflect.DelegatingMethodAccessorImpl.invoke(DelegatingMethodAccessorImpl.java:43)
at java.lang.reflect.Method.invoke(Method.java:498)
at org.testng.internal.MethodInvocationHelper.invokeMethod(MethodInvocationHelper.java:124)
at org.testng.internal.Invoker.invokeMethod(Invoker.java:583)
at org.testng.internal.Invoker.invokeTestMethod(Invoker.java:719)
at org.testng.internal.Invoker.invokeTestMethods(Invoker.java:989)
at org.testng.internal.TestMethodWorker.invokeTestMethods(TestMethodWorker.java:125)
at org.testng.internal.TestMethodWorker.run(TestMethodWorker.java:109)
at org.testng.TestRunner.privateRun(TestRunner.java:648)
at org.testng.TestRunner.run(TestRunner.java:505)
at org.testng.SuiteRunner.runTest(SuiteRunner.java:455)
at org.testng.SuiteRunner.runSequentially(SuiteRunner.java:450)
at org.testng.SuiteRunner.privateRun(SuiteRunner.java:415)
at org.testng.SuiteRunner.run(SuiteRunner.java:364)
at org.testng.SuiteRunnerWorker.runSuite(SuiteRunnerWorker.java:52)
at org.testng.SuiteRunnerWorker.run(SuiteRunnerWorker.java:84)
at org.testng.TestNG.runSuitesSequentially(TestNG.java:1208)
at org.testng.TestNG.runSuitesLocally(TestNG.java:1137)
at org.testng.TestNG.runSuites(TestNG.java:1049)
at org.testng.TestNG.run(TestNG.java:1017)
at org.testng.remote.AbstractRemoteTestNG.run(AbstractRemoteTestNG.java:114)
at org.testng.remote.RemoteTestNG.initAndRun(RemoteTestNG.java:251)
at org.testng.remote.RemoteTestNG.main(RemoteTestNG.java:77)
]]>
    </failure>
  </testcase> <!-- UpdateNewlyCreatedEmployee -->
  <testcase name="DeleteNewlyCreatedEmployee" time="0.689" classname="dummy.restapi.post.CreateUpdateDeleteAPIs">
    <failure type="java.lang.AssertionError" message="1 expectation failed.
JSON path status doesn&#039;t match.
Expected: success
  Actual: failed
">
      <![CDATA[java.lang.AssertionError: 1 expectation failed.
JSON path status doesn't match.
Expected: success
  Actual: failed

at sun.reflect.NativeConstructorAccessorImpl.newInstance0(Native Method)
at sun.reflect.NativeConstructorAccessorImpl.newInstance(NativeConstructorAccessorImpl.java:62)
at sun.reflect.DelegatingConstructorAccessorImpl.newInstance(DelegatingConstructorAccessorImpl.java:45)
at java.lang.reflect.Constructor.newInstance(Constructor.java:423)
at org.codehaus.groovy.reflection.CachedConstructor.invoke(CachedConstructor.java:80)
at org.codehaus.groovy.reflection.CachedConstructor.doConstructorInvoke(CachedConstructor.java:74)
at org.codehaus.groovy.runtime.callsite.ConstructorSite$ConstructorSiteNoUnwrap.callConstructor(ConstructorSite.java:84)
at org.codehaus.groovy.runtime.callsite.AbstractCallSite.callConstructor(AbstractCallSite.java:249)
at io.restassured.internal.ResponseSpecificationImpl$HamcrestAssertionClosure.validate(ResponseSpecificationImpl.groovy:493)
at io.restassured.internal.ResponseSpecificationImpl$HamcrestAssertionClosure$validate$1.call(Unknown Source)
at io.restassured.internal.ResponseSpecificationImpl.validateResponseIfRequired(ResponseSpecificationImpl.groovy:674)
at sun.reflect.NativeMethodAccessorImpl.invoke0(Native Method)
at sun.reflect.NativeMethodAccessorImpl.invoke(NativeMethodAccessorImpl.java:62)
at sun.reflect.DelegatingMethodAccessorImpl.invoke(DelegatingMethodAccessorImpl.java:43)
at java.lang.reflect.Method.invoke(Method.java:498)
at org.codehaus.groovy.runtime.callsite.PlainObjectMetaMethodSite.doInvoke(PlainObjectMetaMethodSite.java:43)
at org.codehaus.groovy.runtime.callsite.PogoMetaMethodSite$PogoCachedMethodSiteNoUnwrapNoCoerce.invoke(PogoMetaMethodSite.java:190)
at org.codehaus.groovy.runtime.callsite.PogoMetaMethodSite.callCurrent(PogoMetaMethodSite.java:58)
at org.codehaus.groovy.runtime.callsite.AbstractCallSite.callCurrent(AbstractCallSite.java:168)
at io.restassured.internal.ResponseSpecificationImpl.body(ResponseSpecificationImpl.groovy:261)
at io.restassured.specification.ResponseSpecification$body$1.callCurrent(Unknown Source)
at io.restassured.internal.ResponseSpecificationImpl.body(ResponseSpecificationImpl.groovy:108)
at io.restassured.internal.ValidatableResponseOptionsImpl.body(ValidatableResponseOptionsImpl.java:244)
at io.restassured.internal.ValidatableResponseImpl.super$2$body(ValidatableResponseImpl.groovy)
at sun.reflect.NativeMethodAccessorImpl.invoke0(Native Method)
at sun.reflect.NativeMethodAccessorImpl.invoke(NativeMethodAccessorImpl.java:62)
at sun.reflect.DelegatingMethodAccessorImpl.invoke(DelegatingMethodAccessorImpl.java:43)
at java.lang.reflect.Method.invoke(Method.java:498)
at org.codehaus.groovy.reflection.CachedMethod.invoke(CachedMethod.java:101)
at groovy.lang.MetaMethod.doMethodInvoke(MetaMethod.java:323)
at groovy.lang.MetaClassImpl.invokeMethod(MetaClassImpl.java:1217)
at org.codehaus.groovy.runtime.ScriptBytecodeAdapter.invokeMethodOnSuperN(ScriptBytecodeAdapter.java:144)
at io.restassured.internal.ValidatableResponseImpl.body(ValidatableResponseImpl.groovy:298)
at io.restassured.internal.ValidatableResponseImpl.body(ValidatableResponseImpl.groovy)
at dummy.restapi.post.CreateUpdateDeleteAPIs.DeleteNewlyCreatedEmployee(CreateUpdateDeleteAPIs.java:111)
at sun.reflect.NativeMethodAccessorImpl.invoke0(Native Method)
at sun.reflect.NativeMethodAccessorImpl.invoke(NativeMethodAccessorImpl.java:62)
at sun.reflect.DelegatingMethodAccessorImpl.invoke(DelegatingMethodAccessorImpl.java:43)
at java.lang.reflect.Method.invoke(Method.java:498)
at org.testng.internal.MethodInvocationHelper.invokeMethod(MethodInvocationHelper.java:124)
at org.testng.internal.Invoker.invokeMethod(Invoker.java:583)
at org.testng.internal.Invoker.invokeTestMethod(Invoker.java:719)
at org.testng.internal.Invoker.invokeTestMethods(Invoker.java:989)
at org.testng.internal.TestMethodWorker.invokeTestMethods(TestMethodWorker.java:125)
at org.testng.internal.TestMethodWorker.run(TestMethodWorker.java:109)
at org.testng.TestRunner.privateRun(TestRunner.java:648)
at org.testng.TestRunner.run(TestRunner.java:505)
at org.testng.SuiteRunner.runTest(SuiteRunner.java:455)
at org.testng.SuiteRunner.runSequentially(SuiteRunner.java:450)
at org.testng.SuiteRunner.privateRun(SuiteRunner.java:415)
at org.testng.SuiteRunner.run(SuiteRunner.java:364)
at org.testng.SuiteRunnerWorker.runSuite(SuiteRunnerWorker.java:52)
at org.testng.SuiteRunnerWorker.run(SuiteRunnerWorker.java:84)
at org.testng.TestNG.runSuitesSequentially(TestNG.java:1208)
at org.testng.TestNG.runSuitesLocally(TestNG.java:1137)
at org.testng.TestNG.runSuites(TestNG.java:1049)
at org.testng.TestNG.run(TestNG.java:1017)
at org.testng.remote.AbstractRemoteTestNG.run(AbstractRemoteTestNG.java:114)
at org.testng.remote.RemoteTestNG.initAndRun(RemoteTestNG.java:251)
at org.testng.remote.RemoteTestNG.main(RemoteTestNG.java:77)
]]>
    </failure>
  </testcase> <!-- DeleteNewlyCreatedEmployee -->
</testsuite> <!-- dummy.restapi.post.CreateUpdateDeleteAPIs -->
